mode: atomic
sawt-go/internal/agentcfg/agentcfg.go:69.23,71.2 1 0
sawt-go/internal/agentcfg/agentcfg.go:73.40,75.52 2 6
sawt-go/internal/agentcfg/agentcfg.go:75.52,77.3 1 0
sawt-go/internal/agentcfg/agentcfg.go:78.2,78.37 1 6
sawt-go/internal/agentcfg/agentcfg.go:78.37,80.3 1 3
sawt-go/internal/agentcfg/agentcfg.go:81.2,81.15 1 3
sawt-go/internal/agentcfg/agentcfg.go:84.32,86.20 2 6
sawt-go/internal/agentcfg/agentcfg.go:86.20,88.3 1 4
sawt-go/internal/agentcfg/agentcfg.go:89.2,89.27 1 6
sawt-go/internal/agentcfg/agentcfg.go:89.27,91.3 1 1
sawt-go/internal/agentcfg/agentcfg.go:92.2,93.17 2 5
sawt-go/internal/agentcfg/agentcfg.go:93.17,96.50 1 3
sawt-go/internal/agentcfg/agentcfg.go:96.50,98.4 1 1
sawt-go/internal/agentcfg/agentcfg.go:100.2,101.62 2 4
sawt-go/internal/agentcfg/agentcfg.go:101.62,103.3 1 1
sawt-go/internal/agentcfg/agentcfg.go:104.2,104.27 1 3
sawt-go/internal/agentcfg/agentcfg.go:104.27,106.3 1 0
sawt-go/internal/agentcfg/agentcfg.go:107.2,108.12 2 3
sawt-go/internal/agentcfg/agentcfg.go:111.31,111.56 1 0
sawt-go/internal/agentcfg/agentcfg.go:126.23,128.2 1 0
sawt-go/internal/agentcfg/agentcfg.go:130.40,132.52 2 3
sawt-go/internal/agentcfg/agentcfg.go:132.52,134.3 1 0
sawt-go/internal/agentcfg/agentcfg.go:135.2,135.37 1 3
sawt-go/internal/agentcfg/agentcfg.go:135.37,137.3 1 1
sawt-go/internal/agentcfg/agentcfg.go:138.2,138.15 1 2
sawt-go/internal/agentcfg/agentcfg.go:141.32,143.20 2 3
sawt-go/internal/agentcfg/agentcfg.go:143.20,145.3 1 3
sawt-go/internal/agentcfg/agentcfg.go:146.2,146.27 1 3
sawt-go/internal/agentcfg/agentcfg.go:146.27,148.3 1 0
sawt-go/internal/agentcfg/agentcfg.go:149.2,150.26 2 3
sawt-go/internal/agentcfg/agentcfg.go:150.26,152.3 1 3
sawt-go/internal/agentcfg/agentcfg.go:153.2,154.20 2 3
sawt-go/internal/agentcfg/agentcfg.go:154.20,156.3 1 2
sawt-go/internal/agentcfg/agentcfg.go:157.2,157.24 1 3
sawt-go/internal/agentcfg/agentcfg.go:157.24,159.3 1 1
sawt-go/internal/agentcfg/agentcfg.go:160.2,163.12 4 2
sawt-go/internal/agentcfg/agentcfg.go:166.31,166.56 1 0
sawt-go/internal/agentcfg/agentcfg.go:175.60,177.2 1 0
sawt-go/internal/agentcfg/agentcfg.go:180.56,183.2 2 0
sawt-go/internal/agentcfg/agentcfg.go:185.36,186.12 1 2
sawt-go/internal/agentcfg/agentcfg.go:186.12,188.3 1 1
sawt-go/internal/agentcfg/agentcfg.go:189.2,189.14 1 1
sawt-go/internal/agentcfg/agentcfg.go:189.14,191.3 1 0
sawt-go/internal/agentcfg/agentcfg.go:192.2,192.13 1 1
sawt-go/internal/agentcfg/agentcfg.go:192.13,194.3 1 1
sawt-go/internal/agentcfg/agentcfg.go:195.2,195.10 1 0
sawt-go/internal/agentcfg/agentcfg.go:208.23,210.2 1 0
sawt-go/internal/agentcfg/agentcfg.go:212.40,214.52 2 0
sawt-go/internal/agentcfg/agentcfg.go:214.52,216.3 1 0
sawt-go/internal/agentcfg/agentcfg.go:217.2,220.15 4 0
sawt-go/internal/agentcfg/agentcfg.go:223.31,223.56 1 0
sawt-go/internal/agentcfg/agentcfg.go:239.74,241.58 2 4
sawt-go/internal/agentcfg/agentcfg.go:241.58,243.3 1 0
sawt-go/internal/agentcfg/agentcfg.go:244.2,245.25 2 4
sawt-go/internal/agentcfg/agentcfg.go:245.25,246.59 1 5
sawt-go/internal/agentcfg/agentcfg.go:246.59,248.4 1 1
sawt-go/internal/agentcfg/agentcfg.go:249.3,249.28 1 4
sawt-go/internal/agentcfg/agentcfg.go:249.28,251.4 1 1
sawt-go/internal/agentcfg/agentcfg.go:252.3,252.31 1 3
sawt-go/internal/agentcfg/agentcfg.go:254.2,254.20 1 2
sawt-go/internal/agentcfg/agentcfg.go:254.20,256.3 1 0
sawt-go/internal/agentcfg/agentcfg.go:257.2,257.21 1 2
sawt-go/internal/agentcfg/agentcfg.go:260.55,263.18 3 5
sawt-go/internal/agentcfg/agentcfg.go:263.18,265.3 1 0
sawt-go/internal/agentcfg/agentcfg.go:266.2,266.17 1 5
sawt-go/internal/agentcfg/agentcfg.go:266.17,268.3 1 0
sawt-go/internal/agentcfg/agentcfg.go:269.2,269.57 1 5
sawt-go/internal/agentcfg/agentcfg.go:269.57,271.3 1 1
sawt-go/internal/agentcfg/agentcfg.go:272.2,272.12 1 4
sawt-go/internal/agentcfg/agentcfg.go:276.52,277.20 1 0
sawt-go/internal/agentcfg/agentcfg.go:277.20,279.3 1 0
sawt-go/internal/agentcfg/agentcfg.go:280.2,280.29 1 0
sawt-go/internal/agentcfg/agentcfg.go:293.47,295.57 2 3
sawt-go/internal/agentcfg/agentcfg.go:295.57,297.3 1 0
sawt-go/internal/agentcfg/agentcfg.go:298.2,298.24 1 3
sawt-go/internal/agentcfg/agentcfg.go:298.24,299.46 1 3
sawt-go/internal/agentcfg/agentcfg.go:299.46,301.4 1 1
sawt-go/internal/agentcfg/agentcfg.go:303.2,303.19 1 2
sawt-go/internal/agentcfg/agentcfg.go:303.19,305.3 1 0
sawt-go/internal/agentcfg/agentcfg.go:306.2,306.20 1 2
sawt-go/internal/agentcfg/agentcfg.go:309.34,312.18 3 3
sawt-go/internal/agentcfg/agentcfg.go:312.18,317.84 2 3
sawt-go/internal/agentcfg/agentcfg.go:317.84,319.4 1 1
sawt-go/internal/agentcfg/agentcfg.go:320.3,320.16 1 2
sawt-go/internal/agentcfg/agentcfg.go:322.2,322.12 1 2
sawt-go/internal/agentcfg/agentcfg.go:326.43,327.19 1 0
sawt-go/internal/agentcfg/agentcfg.go:327.19,329.3 1 0
sawt-go/internal/agentcfg/agentcfg.go:330.2,330.28 1 0
sawt-go/internal/agentcfg/agentcfg.go:343.35,345.2 1 0
sawt-go/internal/agentcfg/agentcfg.go:347.52,349.52 2 2
sawt-go/internal/agentcfg/agentcfg.go:349.52,351.3 1 0
sawt-go/internal/agentcfg/agentcfg.go:352.2,352.37 1 2
sawt-go/internal/agentcfg/agentcfg.go:352.37,354.3 1 1
sawt-go/internal/agentcfg/agentcfg.go:355.2,355.15 1 1
sawt-go/internal/agentcfg/agentcfg.go:358.38,359.21 1 2
sawt-go/internal/agentcfg/agentcfg.go:359.21,361.3 1 0
sawt-go/internal/agentcfg/agentcfg.go:362.2,362.37 1 2
sawt-go/internal/agentcfg/agentcfg.go:362.37,364.3 1 1
sawt-go/internal/agentcfg/agentcfg.go:365.2,367.36 3 2
sawt-go/internal/agentcfg/agentcfg.go:367.36,369.25 2 4
sawt-go/internal/agentcfg/agentcfg.go:369.25,370.12 1 1
sawt-go/internal/agentcfg/agentcfg.go:372.3,372.22 1 3
sawt-go/internal/agentcfg/agentcfg.go:372.22,374.4 1 1
sawt-go/internal/agentcfg/agentcfg.go:375.3,376.31 2 2
sawt-go/internal/agentcfg/agentcfg.go:378.2,379.12 2 1
sawt-go/internal/agentcfg/agentcfg.go:383.46,384.16 1 2
sawt-go/internal/agentcfg/agentcfg.go:384.16,386.3 1 0
sawt-go/internal/agentcfg/agentcfg.go:387.2,388.36 2 2
sawt-go/internal/agentcfg/agentcfg.go:388.36,389.17 1 3
sawt-go/internal/agentcfg/agentcfg.go:389.17,391.4 1 1
sawt-go/internal/agentcfg/agentcfg.go:393.2,393.14 1 1
sawt-go/internal/agentcfg/agentcfg.go:396.37,396.62 1 0
sawt-go/internal/agentcfg/agentcfg.go:444.53,446.2 1 0
sawt-go/internal/agentcfg/agentcfg.go:450.53,452.2 1 0
sawt-go/internal/agentcfg/agentcfg.go:454.70,456.52 2 0
sawt-go/internal/agentcfg/agentcfg.go:456.52,458.3 1 0
sawt-go/internal/agentcfg/agentcfg.go:459.2,459.37 1 0
sawt-go/internal/agentcfg/agentcfg.go:459.37,461.3 1 0
sawt-go/internal/agentcfg/agentcfg.go:462.2,462.15 1 0
sawt-go/internal/agentcfg/agentcfg.go:465.47,468.36 3 0
sawt-go/internal/agentcfg/agentcfg.go:468.36,470.44 2 0
sawt-go/internal/agentcfg/agentcfg.go:470.44,471.12 1 0
sawt-go/internal/agentcfg/agentcfg.go:473.3,474.49 2 0
sawt-go/internal/agentcfg/agentcfg.go:476.2,479.34 3 0
sawt-go/internal/agentcfg/agentcfg.go:479.34,484.61 5 0
sawt-go/internal/agentcfg/agentcfg.go:484.61,485.12 1 0
sawt-go/internal/agentcfg/agentcfg.go:487.3,487.41 1 0
sawt-go/internal/agentcfg/agentcfg.go:489.2,490.12 2 0
sawt-go/internal/agentcfg/agentcfg.go:493.46,493.71 1 0
sawt-go/internal/agentcfg/agentcfg.go:501.30,502.12 1 7
sawt-go/internal/agentcfg/agentcfg.go:502.12,504.3 1 2
sawt-go/internal/agentcfg/agentcfg.go:505.2,505.20 1 5
sawt-go/internal/agentcfg/agentcfg.go:505.20,507.3 1 0
sawt-go/internal/agentcfg/agentcfg.go:508.2,508.20 1 5
sawt-go/internal/agentcfg/agentcfg.go:508.20,510.3 1 2
sawt-go/internal/agentcfg/agentcfg.go:511.2,511.10 1 3
sawt-go/internal/agentcfg/agentcfg.go:518.55,520.16 2 8
sawt-go/internal/agentcfg/agentcfg.go:520.16,522.3 1 0
sawt-go/internal/agentcfg/agentcfg.go:523.2,523.47 1 8
sawt-go/internal/agentcfg/agentcfg.go:523.47,525.3 1 1
sawt-go/internal/agentcfg/agentcfg.go:526.2,527.16 2 7
sawt-go/internal/agentcfg/agentcfg.go:527.16,529.3 1 0
sawt-go/internal/agentcfg/agentcfg.go:530.2,530.18 1 7
sawt-go/internal/agentcfg/agentcfg.go:530.18,532.3 1 3
sawt-go/internal/agentcfg/agentcfg.go:533.2,533.40 1 4
sawt-go/internal/agentcfg/agentcfg.go:533.40,534.22 1 1
sawt-go/internal/agentcfg/agentcfg.go:534.22,536.4 1 1
sawt-go/internal/agentcfg/agentcfg.go:537.3,537.13 1 0
sawt-go/internal/agentcfg/agentcfg.go:539.2,540.68 2 3
sawt-go/internal/agentcfg/agentcfg.go:540.68,542.3 1 0
sawt-go/internal/agentcfg/agentcfg.go:543.2,543.12 1 3
sawt-go/internal/agentcfg/agentcfg.go:546.34,548.2 1 1
sawt-go/internal/agentcfg/agentcfg.go:552.50,553.19 1 18
sawt-go/internal/agentcfg/agentcfg.go:553.19,555.3 1 2
sawt-go/internal/agentcfg/agentcfg.go:556.2,556.47 1 16
sawt-go/internal/agentcfg/agentcfg.go:556.47,558.3 1 0
sawt-go/internal/agentcfg/agentcfg.go:559.2,559.12 1 16
sawt-go/internal/agentcfg/agentcfg.go:565.32,567.16 2 0
sawt-go/internal/agentcfg/agentcfg.go:567.16,568.52 1 0
sawt-go/internal/agentcfg/agentcfg.go:570.2,570.10 1 0
sawt-go/internal/audio/audio.go:11.48,12.24 1 2
sawt-go/internal/audio/audio.go:12.24,14.3 1 2
sawt-go/internal/audio/audio.go:16.2,32.34 6 0
sawt-go/internal/audio/audio.go:32.34,34.3 1 0
sawt-go/internal/audio/audio.go:36.2,36.28 1 0
sawt-go/internal/audio/audio.go:40.56,41.31 1 2
sawt-go/internal/audio/audio.go:41.31,43.3 1 2
sawt-go/internal/audio/audio.go:46.2,47.16 2 0
sawt-go/internal/audio/audio.go:47.16,49.3 1 0
sawt-go/internal/audio/audio.go:50.2,52.15 3 0
sawt-go/internal/audio/audio.go:52.15,52.41 1 0
sawt-go/internal/audio/audio.go:54.2,70.34 5 0
sawt-go/internal/audio/audio.go:70.34,72.3 1 0
sawt-go/internal/audio/audio.go:74.2,75.16 2 0
sawt-go/internal/audio/audio.go:75.16,77.3 1 0
sawt-go/internal/audio/audio.go:79.2,79.25 1 0
sawt-go/internal/audio/audio.go:83.50,84.26 1 0
sawt-go/internal/audio/audio.go:84.26,86.3 1 0
sawt-go/internal/audio/audio.go:88.2,104.34 6 0
sawt-go/internal/audio/audio.go:104.34,106.3 1 0
sawt-go/internal/audio/audio.go:108.2,108.28 1 0
sawt-go/internal/ratelimit/ratelimit.go:17.52,23.2 1 3
sawt-go/internal/ratelimit/ratelimit.go:27.49,35.34 6 10
sawt-go/internal/ratelimit/ratelimit.go:35.34,36.22 1 10
sawt-go/internal/ratelimit/ratelimit.go:36.22,38.4 1 8
sawt-go/internal/ratelimit/ratelimit.go:40.2,44.26 3 10
sawt-go/internal/ratelimit/ratelimit.go:44.26,45.31 1 0
sawt-go/internal/ratelimit/ratelimit.go:45.31,46.52 1 0
sawt-go/internal/ratelimit/ratelimit.go:46.52,48.5 1 0
sawt-go/internal/ratelimit/ratelimit.go:52.2,52.40 1 10
sawt-go/internal/mcp/client.go:34.42,40.2 1 2
sawt-go/internal/mcp/client.go:43.32,43.49 1 0
sawt-go/internal/mcp/client.go:57.31,59.2 1 2
sawt-go/internal/mcp/client.go:82.35,82.100 1 0
sawt-go/internal/mcp/client.go:92.104,94.16 2 5
sawt-go/internal/mcp/client.go:94.16,96.3 1 0
sawt-go/internal/mcp/client.go:97.2,98.16 2 5
sawt-go/internal/mcp/client.go:98.16,100.3 1 0
sawt-go/internal/mcp/client.go:101.2,105.16 4 5
sawt-go/internal/mcp/client.go:105.16,107.3 1 0
sawt-go/internal/mcp/client.go:108.2,108.15 1 5
sawt-go/internal/mcp/client.go:108.15,108.40 1 5
sawt-go/internal/mcp/client.go:109.2,109.38 1 5
sawt-go/internal/mcp/client.go:109.38,111.3 1 0
sawt-go/internal/mcp/client.go:113.2,114.64 2 5
sawt-go/internal/mcp/client.go:114.64,116.3 1 0
sawt-go/internal/mcp/client.go:117.2,117.22 1 5
sawt-go/internal/mcp/client.go:117.22,119.3 1 1
sawt-go/internal/mcp/client.go:120.2,120.24 1 4
sawt-go/internal/mcp/client.go:125.56,132.2 2 1
sawt-go/internal/mcp/client.go:135.65,137.16 2 1
sawt-go/internal/mcp/client.go:137.16,139.3 1 0
sawt-go/internal/mcp/client.go:140.2,143.50 2 1
sawt-go/internal/mcp/client.go:143.50,145.3 1 0
sawt-go/internal/mcp/client.go:146.2,146.23 1 1
sawt-go/internal/mcp/client.go:150.73,152.16 2 1
sawt-go/internal/mcp/client.go:152.16,154.3 1 0
sawt-go/internal/mcp/client.go:155.2,158.50 2 1
sawt-go/internal/mcp/client.go:158.50,160.3 1 0
sawt-go/internal/mcp/client.go:161.2,161.27 1 1
sawt-go/internal/mcp/client.go:165.115,166.17 1 2
sawt-go/internal/mcp/client.go:166.17,168.3 1 1
sawt-go/internal/mcp/client.go:169.2,169.91 1 2
sawt-go/internal/speech/providers/google.go:31.56,32.33 1 1
sawt-go/internal/speech/providers/google.go:32.33,32.53 1 1
sawt-go/internal/speech/providers/google.go:35.52,36.33 1 9
sawt-go/internal/speech/providers/google.go:36.33,36.55 1 9
sawt-go/internal/speech/providers/google.go:39.52,40.33 1 8
sawt-go/internal/speech/providers/google.go:40.33,40.55 1 8
sawt-go/internal/speech/providers/google.go:43.77,50.27 2 19
sawt-go/internal/speech/providers/google.go:50.27,52.3 1 18
sawt-go/internal/speech/providers/google.go:53.2,53.10 1 19
sawt-go/internal/speech/providers/google.go:56.40,58.2 1 0
sawt-go/internal/speech/providers/google.go:61.108,62.20 1 29
sawt-go/internal/speech/providers/google.go:62.20,64.3 1 1
sawt-go/internal/speech/providers/google.go:66.2,66.40 1 28
sawt-go/internal/speech/providers/google.go:66.40,68.3 1 28
sawt-go/internal/speech/providers/google.go:70.2,87.16 5 28
sawt-go/internal/speech/providers/google.go:87.16,89.3 1 0
sawt-go/internal/speech/providers/google.go:91.2,92.16 2 28
sawt-go/internal/speech/providers/google.go:92.16,94.3 1 0
sawt-go/internal/speech/providers/google.go:95.2,98.16 3 28
sawt-go/internal/speech/providers/google.go:98.16,100.3 1 1
sawt-go/internal/speech/providers/google.go:101.2,101.15 1 27
sawt-go/internal/speech/providers/google.go:101.15,101.40 1 27
sawt-go/internal/speech/providers/google.go:103.2,104.16 2 27
sawt-go/internal/speech/providers/google.go:104.16,106.3 1 0
sawt-go/internal/speech/providers/google.go:108.2,108.38 1 27
sawt-go/internal/speech/providers/google.go:108.38,110.3 1 5
sawt-go/internal/speech/providers/google.go:112.2,120.67 2 22
sawt-go/internal/speech/providers/google.go:120.67,122.3 1 0
sawt-go/internal/speech/providers/google.go:124.2,124.90 1 22
sawt-go/internal/speech/providers/google.go:124.90,126.3 1 1
sawt-go/internal/speech/providers/google.go:128.2,128.66 1 21
sawt-go/internal/speech/providers/google.go:134.104,135.20 1 28
sawt-go/internal/speech/providers/google.go:135.20,137.3 1 1
sawt-go/internal/speech/providers/google.go:139.2,140.30 2 27
sawt-go/internal/speech/providers/google.go:140.30,142.3 1 2
sawt-go/internal/speech/providers/google.go:143.2,143.40 1 27
sawt-go/internal/speech/providers/google.go:143.40,145.3 1 25
sawt-go/internal/speech/providers/google.go:147.2,152.21 3 27
sawt-go/internal/speech/providers/google.go:152.21,154.26 2 25
sawt-go/internal/speech/providers/google.go:154.26,156.4 1 25
sawt-go/internal/speech/providers/google.go:159.2,163.24 2 27
sawt-go/internal/speech/providers/google.go:163.24,165.3 1 2
sawt-go/internal/speech/providers/google.go:166.2,169.21 2 27
sawt-go/internal/speech/providers/google.go:169.21,171.3 1 2
sawt-go/internal/speech/providers/google.go:173.2,182.16 3 27
sawt-go/internal/speech/providers/google.go:182.16,184.3 1 0
sawt-go/internal/speech/providers/google.go:186.2,187.16 2 27
sawt-go/internal/speech/providers/google.go:187.16,189.3 1 0
sawt-go/internal/speech/providers/google.go:190.2,193.16 3 27
sawt-go/internal/speech/providers/google.go:193.16,195.3 1 0
sawt-go/internal/speech/providers/google.go:196.2,196.15 1 27
sawt-go/internal/speech/providers/google.go:196.15,196.40 1 27
sawt-go/internal/speech/providers/google.go:198.2,199.16 2 27
sawt-go/internal/speech/providers/google.go:199.16,201.3 1 0
sawt-go/internal/speech/providers/google.go:203.2,203.38 1 27
sawt-go/internal/speech/providers/google.go:203.38,205.3 1 2
sawt-go/internal/speech/providers/google.go:207.2,211.67 2 25
sawt-go/internal/speech/providers/google.go:211.67,213.3 1 0
sawt-go/internal/speech/providers/google.go:215.2,216.16 2 25
sawt-go/internal/speech/providers/google.go:216.16,218.3 1 1
sawt-go/internal/speech/providers/google.go:220.2,220.24 1 24
sawt-go/internal/speech/providers/google_adc.go:17.66,18.11 1 25
sawt-go/internal/speech/providers/google_adc.go:19.14,20.51 1 0
sawt-go/internal/speech/providers/google_adc.go:21.16,22.53 1 1
sawt-go/internal/speech/providers/google_adc.go:23.17,24.54 1 0
sawt-go/internal/speech/providers/google_adc.go:25.10,26.77 1 24
sawt-go/internal/speech/providers/google_adc.go:59.76,61.16 2 1
sawt-go/internal/speech/providers/google_adc.go:61.16,63.3 1 1
sawt-go/internal/speech/providers/google_adc.go:65.2,66.16 2 0
sawt-go/internal/speech/providers/google_adc.go:66.16,69.3 2 0
sawt-go/internal/speech/providers/google_adc.go:71.2,76.8 1 0
sawt-go/internal/speech/providers/google_adc.go:81.100,83.2 1 13
sawt-go/internal/speech/providers/google_adc.go:85.43,87.2 1 1
sawt-go/internal/speech/providers/google_adc.go:91.111,92.40 1 24
sawt-go/internal/speech/providers/google_adc.go:92.40,94.3 1 24
sawt-go/internal/speech/providers/google_adc.go:96.2,108.16 3 24
sawt-go/internal/speech/providers/google_adc.go:108.16,110.3 1 2
sawt-go/internal/speech/providers/google_adc.go:112.2,112.70 1 22
sawt-go/internal/speech/providers/google_adc.go:112.70,114.3 1 1
sawt-go/internal/speech/providers/google_adc.go:116.2,116.56 1 21
sawt-go/internal/speech/providers/google_adc.go:122.107,124.30 2 25
sawt-go/internal/speech/providers/google_adc.go:124.30,126.3 1 1
sawt-go/internal/speech/providers/google_adc.go:127.2,127.40 1 25
sawt-go/internal/speech/providers/google_adc.go:127.40,129.3 1 24
sawt-go/internal/speech/providers/google_adc.go:131.2,132.21 2 25
sawt-go/internal/speech/providers/google_adc.go:132.21,134.26 2 24
sawt-go/internal/speech/providers/google_adc.go:134.26,136.4 1 24
sawt-go/internal/speech/providers/google_adc.go:139.2,142.21 2 25
sawt-go/internal/speech/providers/google_adc.go:142.21,144.3 1 1
sawt-go/internal/speech/providers/google_adc.go:145.2,149.43 2 25
sawt-go/internal/speech/providers/google_adc.go:149.43,151.3 1 1
sawt-go/internal/speech/providers/google_adc.go:153.2,162.16 3 25
sawt-go/internal/speech/providers/google_adc.go:162.16,164.3 1 2
sawt-go/internal/speech/providers/google_adc.go:166.2,166.31 1 23
sawt-go/internal/speech/providers/google_adc.go:171.43,173.24 2 1
sawt-go/internal/speech/providers/google_adc.go:173.24,174.45 1 0
sawt-go/internal/speech/providers/google_adc.go:174.45,176.4 1 0
sawt-go/internal/speech/providers/google_adc.go:178.2,178.24 1 1
sawt-go/internal/speech/providers/google_adc.go:178.24,179.45 1 0
sawt-go/internal/speech/providers/google_adc.go:179.45,181.4 1 0
sawt-go/internal/speech/providers/google_adc.go:183.2,183.19 1 1
sawt-go/internal/speech/providers/google_adc.go:183.19,185.3 1 0
sawt-go/internal/speech/providers/google_adc.go:186.2,186.12 1 1
sawt-go/internal/speech/providers/groq.go:20.58,21.17 1 0
sawt-go/internal/speech/providers/groq.go:21.17,23.3 1 0
sawt-go/internal/speech/providers/groq.go:24.2,28.3 1 0
sawt-go/internal/speech/providers/groq.go:31.38,33.2 1 0
sawt-go/internal/speech/providers/groq.go:35.106,36.20 1 0
sawt-go/internal/speech/providers/groq.go:36.20,38.3 1 0
sawt-go/internal/speech/providers/groq.go:40.2,45.16 4 0
sawt-go/internal/speech/providers/groq.go:45.16,47.3 1 0
sawt-go/internal/speech/providers/groq.go:48.2,48.68 1 0
sawt-go/internal/speech/providers/groq.go:48.68,50.3 1 0
sawt-go/internal/speech/providers/groq.go:53.2,53.60 1 0
sawt-go/internal/speech/providers/groq.go:53.60,55.3 1 0
sawt-go/internal/speech/providers/groq.go:58.2,58.20 1 0
sawt-go/internal/speech/providers/groq.go:58.20,59.65 1 0
sawt-go/internal/speech/providers/groq.go:59.65,61.4 1 0
sawt-go/internal/speech/providers/groq.go:64.2,64.39 1 0
sawt-go/internal/speech/providers/groq.go:64.39,66.3 1 0
sawt-go/internal/speech/providers/groq.go:68.2,69.16 2 0
sawt-go/internal/speech/providers/groq.go:69.16,71.3 1 0
sawt-go/internal/speech/providers/groq.go:73.2,77.16 4 0
sawt-go/internal/speech/providers/groq.go:77.16,79.3 1 0
sawt-go/internal/speech/providers/groq.go:80.2,80.15 1 0
sawt-go/internal/speech/providers/groq.go:80.15,80.40 1 0
sawt-go/internal/speech/providers/groq.go:82.2,83.16 2 0
sawt-go/internal/speech/providers/groq.go:83.16,85.3 1 0
sawt-go/internal/speech/providers/groq.go:87.2,87.38 1 0
sawt-go/internal/speech/providers/groq.go:87.38,89.3 1 0
sawt-go/internal/speech/providers/groq.go:91.2,94.59 2 0
sawt-go/internal/speech/providers/groq.go:94.59,96.3 1 0
sawt-go/internal/speech/providers/groq.go:98.2,98.25 1 0
sawt-go/internal/speech/providers/huggingface.go:18.34,19.29 1 27
sawt-go/internal/speech/providers/huggingface.go:20.12,21.15 1 0
sawt-go/internal/speech/providers/huggingface.go:22.12,23.15 1 0
sawt-go/internal/speech/providers/huggingface.go:24.10,25.12 1 27
sawt-go/internal/speech/providers/huggingface.go:45.48,46.38 1 1
sawt-go/internal/speech/providers/huggingface.go:46.38,46.58 1 1
sawt-go/internal/speech/providers/huggingface.go:49.40,50.38 1 8
sawt-go/internal/speech/providers/huggingface.go:50.38,50.56 1 8
sawt-go/internal/speech/providers/huggingface.go:53.40,54.38 1 8
sawt-go/internal/speech/providers/huggingface.go:54.38,54.56 1 8
sawt-go/internal/speech/providers/huggingface.go:57.83,64.27 2 17
sawt-go/internal/speech/providers/huggingface.go:64.27,66.3 1 17
sawt-go/internal/speech/providers/huggingface.go:67.2,67.10 1 17
sawt-go/internal/speech/providers/huggingface.go:70.45,72.2 1 0
sawt-go/internal/speech/providers/huggingface.go:75.113,76.20 1 28
sawt-go/internal/speech/providers/huggingface.go:76.20,78.3 1 1
sawt-go/internal/speech/providers/huggingface.go:80.2,81.16 2 27
sawt-go/internal/speech/providers/huggingface.go:81.16,83.3 1 0
sawt-go/internal/speech/providers/huggingface.go:85.2,89.16 4 27
sawt-go/internal/speech/providers/huggingface.go:89.16,91.3 1 1
sawt-go/internal/speech/providers/huggingface.go:92.2,92.15 1 26
sawt-go/internal/speech/providers/huggingface.go:92.15,92.40 1 26
sawt-go/internal/speech/providers/huggingface.go:94.2,95.16 2 26
sawt-go/internal/speech/providers/huggingface.go:95.16,97.3 1 0
sawt-go/internal/speech/providers/huggingface.go:99.2,99.38 1 26
sawt-go/internal/speech/providers/huggingface.go:99.38,101.3 1 5
sawt-go/internal/speech/providers/huggingface.go:103.2,106.59 2 21
sawt-go/internal/speech/providers/huggingface.go:106.59,108.3 1 0
sawt-go/internal/speech/providers/huggingface.go:110.2,110.25 1 21
sawt-go/internal/speech/providers/huggingface.go:114.109,119.53 3 27
sawt-go/internal/speech/providers/huggingface.go:119.53,121.3 1 0
sawt-go/internal/speech/providers/huggingface.go:123.2,131.16 3 27
sawt-go/internal/speech/providers/huggingface.go:131.16,133.3 1 0
sawt-go/internal/speech/providers/huggingface.go:135.2,136.16 2 27
sawt-go/internal/speech/providers/huggingface.go:136.16,138.3 1 0
sawt-go/internal/speech/providers/huggingface.go:140.2,141.20 2 27
sawt-go/internal/speech/providers/huggingface.go:141.20,143.3 1 26
sawt-go/internal/speech/providers/huggingface.go:145.2,146.16 2 27
sawt-go/internal/speech/providers/huggingface.go:146.16,148.3 1 0
sawt-go/internal/speech/providers/huggingface.go:149.2,149.15 1 27
sawt-go/internal/speech/providers/huggingface.go:149.15,149.40 1 27
sawt-go/internal/speech/providers/huggingface.go:151.2,152.16 2 27
sawt-go/internal/speech/providers/huggingface.go:152.16,154.3 1 0
sawt-go/internal/speech/providers/huggingface.go:156.2,156.38 1 27
sawt-go/internal/speech/providers/huggingface.go:156.38,158.3 1 2
sawt-go/internal/speech/providers/huggingface.go:161.2,168.67 2 25
sawt-go/internal/speech/providers/huggingface.go:168.67,170.3 1 0
sawt-go/internal/speech/providers/huggingface.go:172.2,172.72 1 25
sawt-go/internal/speech/providers/huggingface.go:172.72,174.3 1 1
sawt-go/internal/speech/providers/huggingface.go:177.2,178.60 2 24
sawt-go/internal/speech/providers/huggingface.go:178.60,180.3 1 24
sawt-go/internal/speech/providers/huggingface.go:182.2,183.16 2 24
sawt-go/internal/speech/providers/huggingface.go:183.16,185.3 1 1
sawt-go/internal/speech/providers/huggingface.go:187.2,187.24 1 23
sawt-go/internal/speech/providers/local.go:22.79,23.26 1 0
sawt-go/internal/speech/providers/local.go:23.26,25.3 1 0
sawt-go/internal/speech/providers/local.go:26.2,26.28 1 0
sawt-go/internal/speech/providers/local.go:26.28,28.3 1 0
sawt-go/internal/speech/providers/local.go:29.2,32.3 1 0
sawt-go/internal/speech/providers/local.go:35.39,37.2 1 0
sawt-go/internal/speech/providers/local.go:40.107,45.61 3 0
sawt-go/internal/speech/providers/local.go:45.61,47.3 1 0
sawt-go/internal/speech/providers/local.go:48.2,48.15 1 0
sawt-go/internal/speech/providers/local.go:48.15,48.40 1 0
sawt-go/internal/speech/providers/local.go:52.2,52.20 1 0
sawt-go/internal/speech/providers/local.go:52.20,54.3 1 0
sawt-go/internal/speech/providers/local.go:56.2,69.34 5 0
sawt-go/internal/speech/providers/local.go:69.34,71.3 1 0
sawt-go/internal/speech/providers/local.go:74.2,75.27 2 0
sawt-go/internal/speech/providers/local.go:80.40,82.16 2 27
sawt-go/internal/speech/providers/local.go:82.16,84.3 1 27
sawt-go/internal/speech/providers/local.go:85.2,85.47 1 0
sawt-go/internal/speech/providers/local.go:85.47,87.3 1 0
sawt-go/internal/speech/providers/local.go:88.2,88.30 1 0
sawt-go/internal/speech/providers/local.go:92.103,93.81 1 0
sawt-go/internal/speech/providers/local.go:93.81,95.3 1 0
sawt-go/internal/speech/providers/local.go:96.2,96.20 1 0
sawt-go/internal/speech/providers/local.go:96.20,98.3 1 0
sawt-go/internal/speech/providers/local.go:101.2,111.16 9 0
sawt-go/internal/speech/providers/local.go:111.16,113.3 1 0
sawt-go/internal/speech/providers/local.go:116.2,120.16 4 0
sawt-go/internal/speech/providers/local.go:120.16,122.3 1 0
sawt-go/internal/speech/providers/local.go:123.2,123.15 1 0
sawt-go/internal/speech/providers/local.go:123.15,123.40 1 0
sawt-go/internal/speech/providers/local.go:125.2,125.38 1 0
sawt-go/internal/speech/providers/local.go:125.38,128.3 2 0
sawt-go/internal/speech/providers/local.go:130.2,131.16 2 0
sawt-go/internal/speech/providers/local.go:131.16,133.3 1 0
sawt-go/internal/speech/providers/local.go:135.2,135.24 1 0
sawt-go/internal/voicenotes/gcs.go:23.79,25.16 2 0
sawt-go/internal/voicenotes/gcs.go:25.16,27.3 1 0
sawt-go/internal/voicenotes/gcs.go:28.2,28.58 1 0
sawt-go/internal/voicenotes/gcs.go:34.130,41.41 6 0
sawt-go/internal/voicenotes/gcs.go:41.41,44.3 2 0
sawt-go/internal/voicenotes/gcs.go:45.2,45.34 1 0
sawt-go/internal/voicenotes/gcs.go:45.34,47.3 1 0
sawt-go/internal/voicenotes/gcs.go:48.2,48.12 1 0
sawt-go/internal/voicenotes/gcs.go:54.87,60.2 1 0
sawt-go/internal/voicenotes/store.go:94.80,95.53 1 5
sawt-go/internal/voicenotes/store.go:95.53,97.3 1 0
sawt-go/internal/voicenotes/store.go:98.2,104.8 1 5
sawt-go/internal/voicenotes/store.go:110.64,111.14 1 8
sawt-go/internal/voicenotes/store.go:111.14,113.3 1 1
sawt-go/internal/voicenotes/store.go:114.2,114.42 1 7
sawt-go/internal/voicenotes/store.go:114.42,117.3 2 1
sawt-go/internal/voicenotes/store.go:118.2,118.49 1 6
sawt-go/internal/voicenotes/store.go:118.49,121.3 2 1
sawt-go/internal/voicenotes/store.go:122.2,122.26 1 5
sawt-go/internal/voicenotes/store.go:122.26,124.3 1 5
sawt-go/internal/voicenotes/store.go:126.2,127.75 2 5
sawt-go/internal/voicenotes/store.go:127.75,130.3 2 0
sawt-go/internal/voicenotes/store.go:132.2,144.16 3 5
sawt-go/internal/voicenotes/store.go:144.16,147.3 2 0
sawt-go/internal/voicenotes/store.go:150.2,150.9 1 5
sawt-go/internal/voicenotes/store.go:151.30,151.30 0 4
sawt-go/internal/voicenotes/store.go:152.10,152.10 0 1
sawt-go/internal/voicenotes/store.go:159.50,160.14 1 1
sawt-go/internal/voicenotes/store.go:160.14,162.3 1 1
sawt-go/internal/voicenotes/store.go:163.2,163.12 1 0
sawt-go/internal/voicenotes/store.go:163.12,166.7 3 0
sawt-go/internal/voicenotes/store.go:166.7,167.11 1 0
sawt-go/internal/voicenotes/store.go:168.22,169.11 1 0
sawt-go/internal/voicenotes/store.go:170.20,170.20 0 0
sawt-go/internal/voicenotes/store.go:171.20,171.20 0 0
sawt-go/internal/voicenotes/store.go:173.4,173.25 1 0
sawt-go/internal/voicenotes/store.go:179.81,180.14 1 1
sawt-go/internal/voicenotes/store.go:180.14,182.3 1 1
sawt-go/internal/voicenotes/store.go:183.2,183.40 1 0
sawt-go/internal/voicenotes/store.go:187.50,188.14 1 1
sawt-go/internal/voicenotes/store.go:188.14,190.3 1 1
sawt-go/internal/voicenotes/store.go:191.2,191.43 1 0
sawt-go/internal/voicenotes/store.go:194.53,196.16 2 4
sawt-go/internal/voicenotes/store.go:196.16,199.3 2 0
sawt-go/internal/voicenotes/store.go:200.2,200.27 1 4
sawt-go/internal/voicenotes/store.go:200.27,201.23 1 4
sawt-go/internal/voicenotes/store.go:201.23,203.4 1 0
sawt-go/internal/voicenotes/store.go:204.3,204.25 1 4
sawt-go/internal/voicenotes/store.go:208.75,211.16 3 4
sawt-go/internal/voicenotes/store.go:211.16,217.3 2 1
sawt-go/internal/voicenotes/store.go:219.2,233.16 5 3
sawt-go/internal/voicenotes/store.go:233.16,236.3 2 1
sawt-go/internal/voicenotes/store.go:238.2,238.66 1 2
sawt-go/internal/voicenotes/store.go:238.66,243.3 2 0
sawt-go/internal/voicenotes/store.go:244.2,244.64 1 2
sawt-go/internal/voicenotes/store.go:244.64,246.3 1 0
sawt-go/internal/voicenotes/store.go:247.2,248.96 2 2
sawt-go/internal/voicenotes/store.go:251.106,253.23 2 2
sawt-go/internal/voicenotes/store.go:253.23,255.3 1 0
sawt-go/internal/voicenotes/store.go:256.2,262.16 2 2
sawt-go/internal/voicenotes/store.go:262.16,264.3 1 0
sawt-go/internal/voicenotes/store.go:265.2,265.96 1 2
sawt-go/internal/voicenotes/store.go:268.53,270.2 1 9
sawt-go/internal/voicenotes/store.go:274.43,276.38 2 5
sawt-go/internal/voicenotes/store.go:276.38,278.22 2 8
sawt-go/internal/voicenotes/store.go:278.22,280.4 1 1
sawt-go/internal/voicenotes/store.go:282.2,282.10 1 4
sawt-go/internal/voicenotes/store.go:288.37,289.30 1 11
sawt-go/internal/voicenotes/store.go:289.30,291.3 1 1
sawt-go/internal/voicenotes/store.go:292.2,292.30 1 10
sawt-go/internal/voicenotes/store.go:292.30,294.3 1 1
sawt-go/internal/voicenotes/store.go:295.2,295.44 1 9
sawt-go/internal/voicenotes/store.go:295.44,297.3 1 2
sawt-go/internal/voicenotes/store.go:298.2,298.12 1 7
sawt-go/internal/voicenotes/store.go:308.47,310.16 2 8
sawt-go/internal/voicenotes/store.go:310.16,312.3 1 0
sawt-go/internal/voicenotes/store.go:313.2,316.68 4 8
sawt-go/internal/voicenotes/store.go:321.37,323.22 2 16
sawt-go/internal/voicenotes/store.go:323.22,324.10 1 120
sawt-go/internal/voicenotes/store.go:325.93,326.18 1 106
sawt-go/internal/voicenotes/store.go:327.11,328.20 1 14
sawt-go/internal/voicenotes/store.go:330.3,330.20 1 120
sawt-go/internal/voicenotes/store.go:330.20,331.9 1 0
sawt-go/internal/voicenotes/store.go:334.2,334.18 1 16
sawt-go/internal/voicenotes/store.go:334.18,336.3 1 0
sawt-go/internal/voicenotes/store.go:337.2,337.19 1 16
sawt-go/internal/whatsmeow/client.go:51.56,56.2 1 4
sawt-go/internal/whatsmeow/client.go:58.73,62.21 3 3
sawt-go/internal/whatsmeow/client.go:62.21,63.30 1 0
sawt-go/internal/whatsmeow/client.go:63.30,65.4 1 0
sawt-go/internal/whatsmeow/client.go:66.3,66.28 1 0
sawt-go/internal/whatsmeow/client.go:66.28,68.4 1 0
sawt-go/internal/whatsmeow/client.go:70.2,70.40 1 3
sawt-go/internal/whatsmeow/client.go:73.76,77.29 3 3
sawt-go/internal/whatsmeow/client.go:77.29,78.32 1 1
sawt-go/internal/whatsmeow/client.go:78.32,80.4 1 1
sawt-go/internal/whatsmeow/client.go:81.3,81.36 1 1
sawt-go/internal/whatsmeow/client.go:82.8,84.33 2 2
sawt-go/internal/whatsmeow/client.go:84.33,85.36 1 1
sawt-go/internal/whatsmeow/client.go:85.36,87.5 1 1
sawt-go/internal/whatsmeow/client.go:88.9,93.4 1 1
sawt-go/internal/whatsmeow/client.go:96.2,98.19 3 3
sawt-go/internal/whatsmeow/client.go:106.125,112.35 5 3
sawt-go/internal/whatsmeow/client.go:112.35,114.3 1 1
sawt-go/internal/whatsmeow/client.go:115.2,115.8 1 3
sawt-go/internal/whatsmeow/client.go:118.97,121.16 3 0
sawt-go/internal/whatsmeow/client.go:121.16,123.3 1 0
sawt-go/internal/whatsmeow/client.go:125.2,126.16 2 0
sawt-go/internal/whatsmeow/client.go:126.16,127.36 1 0
sawt-go/internal/whatsmeow/client.go:127.36,129.4 1 0
sawt-go/internal/whatsmeow/client.go:129.9,131.4 1 0
sawt-go/internal/whatsmeow/client.go:134.2,144.12 9 0
sawt-go/internal/whatsmeow/client.go:147.50,151.21 3 0
sawt-go/internal/whatsmeow/client.go:151.21,153.3 1 0
sawt-go/internal/whatsmeow/client.go:155.2,155.26 1 0
sawt-go/internal/whatsmeow/client.go:155.26,157.3 1 0
sawt-go/internal/whatsmeow/client.go:160.2,160.46 1 0
sawt-go/internal/whatsmeow/client.go:160.46,162.3 1 0
sawt-go/internal/whatsmeow/client.go:164.2,168.27 4 0
sawt-go/internal/whatsmeow/client.go:168.27,170.3 1 0
sawt-go/internal/whatsmeow/client.go:171.2,172.12 2 0
sawt-go/internal/whatsmeow/client.go:175.62,180.19 4 0
sawt-go/internal/whatsmeow/client.go:180.19,182.3 1 0
sawt-go/internal/whatsmeow/client.go:184.2,184.28 1 0
sawt-go/internal/whatsmeow/client.go:184.28,187.17 2 0
sawt-go/internal/whatsmeow/client.go:187.17,188.55 1 0
sawt-go/internal/whatsmeow/client.go:188.55,190.52 2 0
sawt-go/internal/whatsmeow/client.go:190.52,192.6 1 0
sawt-go/internal/whatsmeow/client.go:194.5,194.26 1 0
sawt-go/internal/whatsmeow/client.go:196.4,196.14 1 0
sawt-go/internal/whatsmeow/client.go:198.3,199.13 2 0
sawt-go/internal/whatsmeow/client.go:203.2,204.16 2 0
sawt-go/internal/whatsmeow/client.go:204.16,205.54 1 0
sawt-go/internal/whatsmeow/client.go:205.54,207.51 2 0
sawt-go/internal/whatsmeow/client.go:207.51,209.5 1 0
sawt-go/internal/whatsmeow/client.go:210.4,210.25 1 0
sawt-go/internal/whatsmeow/client.go:212.3,212.13 1 0
sawt-go/internal/whatsmeow/client.go:215.2,216.12 2 0
sawt-go/internal/whatsmeow/client.go:219.76,224.19 4 0
sawt-go/internal/whatsmeow/client.go:224.19,226.3 1 0
sawt-go/internal/whatsmeow/client.go:228.2,228.27 1 0
sawt-go/internal/whatsmeow/client.go:228.27,230.3 1 0
sawt-go/internal/whatsmeow/client.go:232.2,234.16 3 0
sawt-go/internal/whatsmeow/client.go:234.16,236.3 1 0
sawt-go/internal/whatsmeow/client.go:238.2,239.20 2 0
sawt-go/internal/whatsmeow/client.go:239.20,241.3 1 0
sawt-go/internal/whatsmeow/client.go:243.2,244.24 2 0
sawt-go/internal/whatsmeow/client.go:255.61,260.19 4 1
sawt-go/internal/whatsmeow/client.go:260.19,262.3 1 1
sawt-go/internal/whatsmeow/client.go:264.2,264.43 1 0
sawt-go/internal/whatsmeow/client.go:264.43,266.3 1 0
sawt-go/internal/whatsmeow/client.go:268.2,268.43 1 0
sawt-go/internal/whatsmeow/client.go:268.43,270.3 1 0
sawt-go/internal/whatsmeow/client.go:272.2,273.12 2 0
sawt-go/internal/whatsmeow/client.go:283.96,288.19 4 1
sawt-go/internal/whatsmeow/client.go:288.19,290.3 1 1
sawt-go/internal/whatsmeow/client.go:291.2,291.28 1 0
sawt-go/internal/whatsmeow/client.go:291.28,293.3 1 0
sawt-go/internal/whatsmeow/client.go:294.2,294.26 1 0
sawt-go/internal/whatsmeow/client.go:294.26,298.3 1 0
sawt-go/internal/whatsmeow/client.go:300.2,301.16 2 0
sawt-go/internal/whatsmeow/client.go:301.16,303.3 1 0
sawt-go/internal/whatsmeow/client.go:305.2,306.20 2 0
sawt-go/internal/whatsmeow/client.go:316.129,317.25 1 0
sawt-go/internal/whatsmeow/client.go:317.25,318.47 1 0
sawt-go/internal/whatsmeow/client.go:318.47,320.21 2 0
sawt-go/internal/whatsmeow/client.go:320.21,322.5 1 0
sawt-go/internal/whatsmeow/client.go:323.9,325.4 1 0
sawt-go/internal/whatsmeow/client.go:333.99,338.19 4 0
sawt-go/internal/whatsmeow/client.go:338.19,340.3 1 0
sawt-go/internal/whatsmeow/client.go:342.2,343.16 2 0
sawt-go/internal/whatsmeow/client.go:343.16,345.3 1 0
sawt-go/internal/whatsmeow/client.go:347.2,348.61 2 0
sawt-go/internal/whatsmeow/client.go:348.61,350.3 1 0
sawt-go/internal/whatsmeow/client.go:351.2,351.12 1 0
sawt-go/internal/whatsmeow/client.go:360.105,365.19 4 0
sawt-go/internal/whatsmeow/client.go:365.19,367.3 1 0
sawt-go/internal/whatsmeow/client.go:369.2,370.16 2 0
sawt-go/internal/whatsmeow/client.go:370.16,372.3 1 0
sawt-go/internal/whatsmeow/client.go:374.2,375.16 2 0
sawt-go/internal/whatsmeow/client.go:375.16,377.3 1 0
sawt-go/internal/whatsmeow/client.go:379.2,391.61 2 0
sawt-go/internal/whatsmeow/client.go:391.61,393.3 1 0
sawt-go/internal/whatsmeow/client.go:394.2,394.12 1 0
sawt-go/internal/promptops/compiler.go:38.46,43.42 4 7
sawt-go/internal/promptops/compiler.go:43.42,45.32 2 2
sawt-go/internal/promptops/compiler.go:45.32,47.18 2 5
sawt-go/internal/promptops/compiler.go:47.18,48.13 1 3
sawt-go/internal/promptops/compiler.go:50.4,51.20 2 2
sawt-go/internal/promptops/compiler.go:51.20,53.5 1 2
sawt-go/internal/promptops/compiler.go:55.3,56.26 2 2
sawt-go/internal/promptops/compiler.go:59.2,59.19 1 7
sawt-go/internal/promptops/compiler.go:59.19,62.3 2 3
sawt-go/internal/promptops/compiler.go:64.2,64.61 1 7
sawt-go/internal/promptops/compiler.go:64.61,66.3 1 1
sawt-go/internal/promptops/compiler.go:68.2,73.3 1 7
sawt-go/internal/promptops/compiler.go:76.28,79.2 2 13
sawt-go/config/config.go:56.27,58.16 2 2
sawt-go/config/config.go:58.16,60.3 1 1
sawt-go/config/config.go:62.2,63.22 2 2
sawt-go/config/config.go:63.22,65.3 1 1
sawt-go/config/config.go:67.2,68.22 2 2
sawt-go/config/config.go:68.22,70.3 1 1
sawt-go/config/config.go:72.2,73.20 2 2
sawt-go/config/config.go:73.20,75.3 1 1
sawt-go/config/config.go:77.2,78.25 2 2
sawt-go/config/config.go:78.25,80.3 1 1
sawt-go/config/config.go:82.2,83.23 2 2
sawt-go/config/config.go:83.23,85.3 1 1
sawt-go/config/config.go:87.2,88.20 2 2
sawt-go/config/config.go:88.20,90.3 1 1
sawt-go/config/config.go:92.2,93.23 2 2
sawt-go/config/config.go:93.23,95.3 1 1
sawt-go/config/config.go:97.2,100.25 3 2
sawt-go/config/config.go:100.25,105.19 1 1
sawt-go/config/config.go:105.19,107.4 1 0
sawt-go/config/config.go:108.3,110.45 3 1
sawt-go/config/config.go:110.45,112.4 1 0
sawt-go/config/config.go:112.9,114.4 1 1
sawt-go/config/config.go:117.2,118.28 2 2
sawt-go/config/config.go:118.28,120.3 1 1
sawt-go/config/config.go:122.2,152.3 1 2
sawt-go/config/config.go:155.51,156.34 1 4
sawt-go/config/config.go:156.34,158.3 1 2
sawt-go/config/config.go:159.2,159.19 1 2
sawt-go/config/config.go:162.48,164.18 2 7
sawt-go/config/config.go:164.18,166.3 1 3
sawt-go/config/config.go:167.2,168.16 2 4
sawt-go/config/config.go:168.16,170.3 1 1
sawt-go/config/config.go:171.2,171.12 1 3
sawt-go/cmd/aicheck/main.go:40.13,52.19 10 0
sawt-go/cmd/aicheck/main.go:52.19,54.3 1 0
sawt-go/cmd/aicheck/main.go:56.2,63.18 5 0
sawt-go/cmd/aicheck/main.go:63.18,66.3 2 0
sawt-go/cmd/aicheck/main.go:67.2,67.22 1 0
sawt-go/cmd/aicheck/main.go:67.22,70.3 2 0
sawt-go/cmd/aicheck/main.go:71.2,71.26 1 0
sawt-go/cmd/aicheck/main.go:71.26,74.3 2 0
sawt-go/cmd/aicheck/main.go:75.2,75.19 1 0
sawt-go/cmd/aicheck/main.go:75.19,77.3 1 0
sawt-go/cmd/aicheck/main.go:79.2,79.28 1 0
sawt-go/cmd/aicheck/main.go:79.28,81.3 1 0
sawt-go/cmd/aicheck/main.go:83.2,83.16 1 0
sawt-go/cmd/aicheck/main.go:83.16,85.57 2 0
sawt-go/cmd/aicheck/main.go:85.57,87.4 1 0
sawt-go/cmd/aicheck/main.go:90.2,91.28 2 0
sawt-go/cmd/aicheck/main.go:91.28,92.25 1 0
sawt-go/cmd/aicheck/main.go:92.25,94.4 1 0
sawt-go/cmd/aicheck/main.go:96.2,96.14 1 0
sawt-go/cmd/aicheck/main.go:96.14,99.3 2 0
sawt-go/cmd/aicheck/main.go:100.2,100.23 1 0
sawt-go/cmd/aicheck/main.go:103.52,104.35 1 0
sawt-go/cmd/aicheck/main.go:104.35,105.28 1 0
sawt-go/cmd/aicheck/main.go:105.28,105.43 1 0
sawt-go/cmd/aicheck/main.go:107.2,108.45 2 0
sawt-go/cmd/aicheck/main.go:108.45,110.3 1 0
sawt-go/cmd/aicheck/main.go:111.2,111.32 1 0
sawt-go/cmd/aicheck/main.go:111.32,111.52 1 0
sawt-go/cmd/aicheck/main.go:114.32,115.13 1 0
sawt-go/cmd/aicheck/main.go:115.13,117.3 1 0
sawt-go/cmd/aicheck/main.go:118.2,118.14 1 0
sawt-go/cmd/aicheck/main.go:121.33,123.9 2 0
sawt-go/cmd/aicheck/main.go:124.14,125.18 1 0
sawt-go/cmd/aicheck/main.go:126.15,127.18 1 0
sawt-go/cmd/aicheck/main.go:129.2,129.116 1 0
sawt-go/cmd/aicheck/main.go:132.53,136.2 3 0
sawt-go/cmd/aicheck/main.go:140.74,142.18 2 0
sawt-go/cmd/aicheck/main.go:142.18,146.3 3 0
sawt-go/cmd/aicheck/main.go:147.2,148.16 2 0
sawt-go/cmd/aicheck/main.go:148.16,151.3 2 0
sawt-go/cmd/aicheck/main.go:152.2,154.39 3 0
sawt-go/cmd/aicheck/main.go:154.39,158.3 3 0
sawt-go/cmd/aicheck/main.go:159.2,160.16 2 0
sawt-go/cmd/aicheck/main.go:160.16,162.3 1 0
sawt-go/cmd/aicheck/main.go:162.8,164.3 1 0
sawt-go/cmd/aicheck/main.go:165.2,165.10 1 0
sawt-go/cmd/aicheck/main.go:168.59,173.39 5 0
sawt-go/cmd/aicheck/main.go:173.39,177.3 3 0
sawt-go/cmd/aicheck/main.go:178.2,179.16 2 0
sawt-go/cmd/aicheck/main.go:179.16,181.3 1 0
sawt-go/cmd/aicheck/main.go:181.8,183.3 1 0
sawt-go/cmd/aicheck/main.go:184.2,184.10 1 0
sawt-go/cmd/aicheck/main.go:187.73,189.18 2 0
sawt-go/cmd/aicheck/main.go:189.18,193.3 3 0
sawt-go/cmd/aicheck/main.go:194.2,195.16 2 0
sawt-go/cmd/aicheck/main.go:195.16,198.3 2 0
sawt-go/cmd/aicheck/main.go:199.2,201.39 3 0
sawt-go/cmd/aicheck/main.go:201.39,205.3 3 0
sawt-go/cmd/aicheck/main.go:206.2,207.16 2 0
sawt-go/cmd/aicheck/main.go:207.16,209.3 1 0
sawt-go/cmd/aicheck/main.go:209.8,211.3 1 0
sawt-go/cmd/aicheck/main.go:212.2,212.10 1 0
sawt-go/cmd/aicheck/main.go:215.73,217.18 2 0
sawt-go/cmd/aicheck/main.go:217.18,221.3 3 0
sawt-go/cmd/aicheck/main.go:222.2,225.39 4 0
sawt-go/cmd/aicheck/main.go:225.39,229.3 3 0
sawt-go/cmd/aicheck/main.go:230.2,231.16 2 0
sawt-go/cmd/aicheck/main.go:231.16,233.3 1 0
sawt-go/cmd/aicheck/main.go:233.8,235.3 1 0
sawt-go/cmd/aicheck/main.go:236.2,236.10 1 0
sawt-go/cmd/aicheck/main.go:239.57,241.55 2 0
sawt-go/cmd/aicheck/main.go:241.55,245.3 3 0
sawt-go/cmd/aicheck/main.go:246.2,247.16 2 0
sawt-go/cmd/aicheck/main.go:247.16,250.3 2 0
sawt-go/cmd/aicheck/main.go:251.2,252.16 2 0
sawt-go/cmd/aicheck/main.go:252.16,255.3 2 0
sawt-go/cmd/aicheck/main.go:256.2,256.15 1 0
sawt-go/cmd/aicheck/main.go:256.15,256.32 1 0
sawt-go/cmd/aicheck/main.go:257.2,258.39 2 0
sawt-go/cmd/aicheck/main.go:258.39,262.3 3 0
sawt-go/cmd/aicheck/main.go:263.2,264.16 2 0
sawt-go/cmd/aicheck/main.go:264.16,266.3 1 0
sawt-go/cmd/aicheck/main.go:266.8,268.3 1 0
sawt-go/cmd/aicheck/main.go:269.2,269.10 1 0
sawt-go/cmd/aicheck/main.go:272.57,274.55 2 0
sawt-go/cmd/aicheck/main.go:274.55,278.3 3 0
sawt-go/cmd/aicheck/main.go:279.2,280.16 2 0
sawt-go/cmd/aicheck/main.go:280.16,283.3 2 0
sawt-go/cmd/aicheck/main.go:284.2,284.15 1 0
sawt-go/cmd/aicheck/main.go:284.15,284.32 1 0
sawt-go/cmd/aicheck/main.go:285.2,286.39 2 0
sawt-go/cmd/aicheck/main.go:286.39,290.3 3 0
sawt-go/cmd/aicheck/main.go:291.2,292.16 2 0
sawt-go/cmd/aicheck/main.go:292.16,294.3 1 0
sawt-go/cmd/aicheck/main.go:294.8,296.3 1 0
sawt-go/cmd/aicheck/main.go:297.2,297.10 1 0
sawt-go/cmd/aicheck/main.go:300.72,302.55 2 0
sawt-go/cmd/aicheck/main.go:302.55,306.3 3 0
sawt-go/cmd/aicheck/main.go:307.2,307.18 1 0
sawt-go/cmd/aicheck/main.go:307.18,311.3 3 0
sawt-go/cmd/aicheck/main.go:312.2,313.16 2 0
sawt-go/cmd/aicheck/main.go:313.16,316.3 2 0
sawt-go/cmd/aicheck/main.go:317.2,320.39 4 0
sawt-go/cmd/aicheck/main.go:320.39,321.140 1 0
sawt-go/cmd/aicheck/main.go:321.140,323.4 1 0
sawt-go/cmd/aicheck/main.go:324.3,326.14 3 0
sawt-go/cmd/aicheck/main.go:328.2,329.16 2 0
sawt-go/cmd/aicheck/main.go:329.16,331.3 1 0
sawt-go/cmd/aicheck/main.go:331.8,333.3 1 0
sawt-go/cmd/aicheck/main.go:334.2,334.10 1 0
sawt-go/cmd/aicheck/main.go:339.89,343.24 2 0
sawt-go/cmd/aicheck/main.go:343.24,347.40 4 0
sawt-go/cmd/aicheck/main.go:347.40,350.4 2 0
sawt-go/cmd/aicheck/main.go:352.3,354.31 3 0
sawt-go/cmd/aicheck/main.go:355.8,357.3 1 0
sawt-go/cmd/aicheck/main.go:360.2,360.25 1 0
sawt-go/cmd/aicheck/main.go:360.25,364.40 4 0
sawt-go/cmd/aicheck/main.go:364.40,367.4 2 0
sawt-go/cmd/aicheck/main.go:368.3,370.31 3 0
sawt-go/cmd/aicheck/main.go:371.8,373.3 1 0
sawt-go/cmd/aicheck/main.go:376.2,376.55 1 0
sawt-go/cmd/aicheck/main.go:376.55,379.17 3 0
sawt-go/cmd/aicheck/main.go:379.17,380.41 1 0
sawt-go/cmd/aicheck/main.go:380.41,382.5 1 0
sawt-go/cmd/aicheck/main.go:384.3,386.31 3 0
sawt-go/cmd/aicheck/main.go:387.8,389.3 1 0
sawt-go/cmd/aicheck/main.go:391.2,392.16 2 0
sawt-go/cmd/aicheck/main.go:395.34,396.16 1 0
sawt-go/cmd/aicheck/main.go:396.16,398.3 1 0
sawt-go/cmd/aicheck/main.go:399.2,399.20 1 0
sawt-go/cmd/aicheck/main.go:404.32,406.19 2 0
sawt-go/cmd/aicheck/main.go:406.19,408.3 1 0
sawt-go/cmd/aicheck/main.go:409.2,409.24 1 0
sawt-go/cmd/aicheck/main.go:412.30,414.16 2 0
sawt-go/cmd/aicheck/main.go:414.16,416.3 1 0
sawt-go/cmd/aicheck/main.go:417.2,417.15 1 0
sawt-go/cmd/aicheck/main.go:417.15,417.32 1 0
sawt-go/cmd/aicheck/main.go:418.2,419.16 2 0
sawt-go/cmd/aicheck/main.go:419.16,421.49 2 0
sawt-go/cmd/aicheck/main.go:421.49,422.12 1 0
sawt-go/cmd/aicheck/main.go:424.3,425.13 2 0
sawt-go/cmd/aicheck/main.go:425.13,426.12 1 0
sawt-go/cmd/aicheck/main.go:428.3,430.44 3 0
sawt-go/cmd/aicheck/main.go:430.44,432.4 1 0
sawt-go/cmd/aicheck/main.go:433.3,433.16 1 0
sawt-go/cmd/aicheck/main.go:433.16,435.4 1 0
sawt-go/cmd/harness/main.go:22.36,24.16 2 0
sawt-go/cmd/harness/main.go:24.16,26.3 1 0
sawt-go/cmd/harness/main.go:27.2,27.15 1 0
sawt-go/cmd/harness/main.go:27.15,27.32 1 0
sawt-go/cmd/harness/main.go:29.2,30.16 2 0
sawt-go/cmd/harness/main.go:30.16,32.49 2 0
sawt-go/cmd/harness/main.go:32.49,33.12 1 0
sawt-go/cmd/harness/main.go:35.3,36.13 2 0
sawt-go/cmd/harness/main.go:36.13,37.12 1 0
sawt-go/cmd/harness/main.go:39.3,42.44 3 0
sawt-go/cmd/harness/main.go:42.44,44.4 1 0
sawt-go/cmd/harness/main.go:45.3,45.16 1 0
sawt-go/cmd/harness/main.go:45.16,47.4 1 0
sawt-go/cmd/harness/main.go:49.2,49.17 1 0
sawt-go/cmd/harness/main.go:53.39,55.26 2 0
sawt-go/cmd/harness/main.go:55.26,57.17 2 0
sawt-go/cmd/harness/main.go:57.17,60.4 2 0
sawt-go/cmd/harness/main.go:62.2,62.72 1 0
sawt-go/cmd/harness/main.go:65.13,69.43 2 0
sawt-go/cmd/harness/main.go:69.43,71.3 1 0
sawt-go/cmd/harness/main.go:74.2,74.29 1 0
sawt-go/cmd/harness/main.go:74.29,76.3 1 0
sawt-go/cmd/harness/main.go:79.2,82.27 3 0
sawt-go/cmd/harness/main.go:82.27,84.3 1 0
sawt-go/cmd/harness/main.go:86.2,91.16 4 0
sawt-go/cmd/harness/main.go:91.16,93.3 1 0
sawt-go/cmd/harness/main.go:94.2,99.16 4 0
sawt-go/cmd/harness/main.go:99.16,101.3 1 0
sawt-go/cmd/harness/main.go:103.2,104.16 2 0
sawt-go/cmd/harness/main.go:104.16,106.3 1 0
sawt-go/cmd/harness/main.go:107.2,114.32 5 0
sawt-go/cmd/harness/main.go:114.32,122.17 2 0
sawt-go/cmd/harness/main.go:122.17,124.4 1 0
sawt-go/cmd/harness/main.go:124.9,126.4 1 0
sawt-go/cmd/harness/main.go:131.2,140.20 6 0
sawt-go/cmd/harness/main.go:140.20,142.3 1 0
sawt-go/cmd/harness/main.go:143.2,146.80 3 0
sawt-go/cmd/harness/main.go:146.80,154.23 2 0
sawt-go/cmd/harness/main.go:154.23,156.4 1 0
sawt-go/cmd/harness/main.go:157.3,158.57 2 0
sawt-go/cmd/harness/main.go:160.2,164.63 4 0
sawt-go/cmd/harness/main.go:164.63,166.3 1 0
sawt-go/cmd/wfcli/main.go:35.13,46.15 9 0
sawt-go/cmd/wfcli/main.go:46.15,49.16 3 0
sawt-go/cmd/wfcli/main.go:49.16,51.4 1 0
sawt-go/cmd/wfcli/main.go:53.2,53.15 1 0
sawt-go/cmd/wfcli/main.go:53.15,55.3 1 0
sawt-go/cmd/wfcli/main.go:57.2,58.18 2 0
sawt-go/cmd/wfcli/main.go:58.18,60.3 1 0
sawt-go/cmd/wfcli/main.go:62.2,63.27 2 0
sawt-go/cmd/wfcli/main.go:63.27,65.3 1 0
sawt-go/cmd/wfcli/main.go:67.2,69.16 3 0
sawt-go/cmd/wfcli/main.go:69.16,71.3 1 0
sawt-go/cmd/wfcli/main.go:72.2,76.56 2 0
sawt-go/cmd/wfcli/main.go:76.56,77.57 1 0
sawt-go/cmd/wfcli/main.go:77.57,79.4 1 0
sawt-go/cmd/wfcli/main.go:80.8,82.3 1 0
sawt-go/cmd/wfcli/main.go:84.2,90.17 5 0
sawt-go/cmd/wfcli/main.go:90.17,93.3 2 0
sawt-go/cmd/wfcli/main.go:93.8,95.10 2 0
sawt-go/cmd/wfcli/main.go:96.19,97.101 1 0
sawt-go/cmd/wfcli/main.go:98.24,99.81 1 0
sawt-go/cmd/wfcli/main.go:100.11,101.55 1 0
sawt-go/cmd/wfcli/main.go:101.55,103.5 1 0
sawt-go/cmd/wfcli/main.go:104.4,104.95 1 0
sawt-go/cmd/wfcli/main.go:108.2,109.16 2 0
sawt-go/cmd/wfcli/main.go:109.16,111.3 1 0
sawt-go/cmd/wfcli/main.go:112.2,123.51 5 0
sawt-go/cmd/wfcli/main.go:123.51,125.3 1 0
sawt-go/cmd/wfcli/main.go:126.2,132.32 6 0
sawt-go/cmd/wfcli/main.go:132.32,135.3 2 0
sawt-go/cmd/wfcli/main.go:136.2,137.48 2 0
sawt-go/cmd/wfcli/main.go:140.26,141.13 1 0
sawt-go/cmd/wfcli/main.go:141.13,143.3 1 0
sawt-go/cmd/wfcli/main.go:144.2,144.10 1 0
sawt-go/cmd/wfcli/main.go:148.30,150.16 2 0
sawt-go/cmd/wfcli/main.go:150.16,152.3 1 0
sawt-go/cmd/wfcli/main.go:153.2,153.15 1 0
sawt-go/cmd/wfcli/main.go:153.15,153.32 1 0
sawt-go/cmd/wfcli/main.go:154.2,155.16 2 0
sawt-go/cmd/wfcli/main.go:155.16,157.49 2 0
sawt-go/cmd/wfcli/main.go:157.49,158.12 1 0
sawt-go/cmd/wfcli/main.go:160.3,161.13 2 0
sawt-go/cmd/wfcli/main.go:161.13,162.12 1 0
sawt-go/cmd/wfcli/main.go:164.3,166.44 3 0
sawt-go/cmd/wfcli/main.go:166.44,168.4 1 0
sawt-go/cmd/wfcli/main.go:169.3,169.16 1 0
sawt-go/cmd/wfcli/main.go:169.16,171.4 1 0
sawt-go/cmd/dbreset/main.go:40.13,46.39 5 0
sawt-go/cmd/dbreset/main.go:46.39,48.3 1 0
sawt-go/cmd/dbreset/main.go:50.2,51.17 2 0
sawt-go/cmd/dbreset/main.go:51.17,53.3 1 0
sawt-go/cmd/dbreset/main.go:55.2,56.16 2 0
sawt-go/cmd/dbreset/main.go:56.16,58.3 1 0
sawt-go/cmd/dbreset/main.go:60.2,61.21 2 0
sawt-go/cmd/dbreset/main.go:61.21,64.3 2 0
sawt-go/cmd/dbreset/main.go:64.8,67.3 2 0
sawt-go/cmd/dbreset/main.go:68.2,70.11 2 0
sawt-go/cmd/dbreset/main.go:70.11,74.42 4 0
sawt-go/cmd/dbreset/main.go:74.42,77.4 2 0
sawt-go/cmd/dbreset/main.go:80.2,82.16 3 0
sawt-go/cmd/dbreset/main.go:82.16,84.3 1 0
sawt-go/cmd/dbreset/main.go:85.2,87.39 2 0
sawt-go/cmd/dbreset/main.go:87.39,89.3 1 0
sawt-go/cmd/dbreset/main.go:91.2,91.21 1 0
sawt-go/cmd/dbreset/main.go:91.21,93.96 2 0
sawt-go/cmd/dbreset/main.go:93.96,95.4 1 0
sawt-go/cmd/dbreset/main.go:96.8,99.49 3 0
sawt-go/cmd/dbreset/main.go:99.49,101.4 1 0
sawt-go/cmd/dbreset/main.go:104.2,105.61 2 0
sawt-go/cmd/dbreset/main.go:105.61,107.3 1 0
sawt-go/cmd/dbreset/main.go:109.2,110.20 2 0
sawt-go/cmd/dbreset/main.go:110.20,112.3 1 0
sawt-go/cmd/dbreset/main.go:112.8,114.3 1 0
sawt-go/cmd/erpcheck/main.go:31.13,42.34 10 0
sawt-go/cmd/erpcheck/main.go:42.34,44.3 1 0
sawt-go/cmd/erpcheck/main.go:45.2,53.9 6 0
sawt-go/cmd/erpcheck/main.go:54.32,56.89 2 0
sawt-go/cmd/erpcheck/main.go:57.20,59.17 2 0
sawt-go/cmd/erpcheck/main.go:59.17,61.4 1 0
sawt-go/cmd/erpcheck/main.go:62.3,62.16 1 0
sawt-go/cmd/erpcheck/main.go:62.16,65.4 1 0
sawt-go/cmd/erpcheck/main.go:66.3,67.25 2 0
sawt-go/cmd/erpcheck/main.go:67.25,69.4 1 0
sawt-go/cmd/erpcheck/main.go:70.3,70.77 1 0
sawt-go/cmd/erpcheck/main.go:71.10,72.53 1 0
sawt-go/cmd/erpcheck/main.go:74.2,74.17 1 0
sawt-go/cmd/erpcheck/main.go:74.17,76.3 1 0
sawt-go/cmd/erpcheck/main.go:77.2,83.10 3 0
sawt-go/cmd/erpcheck/main.go:83.10,85.15 2 0
sawt-go/cmd/erpcheck/main.go:85.15,87.4 1 0
sawt-go/cmd/erpcheck/main.go:88.3,92.17 3 0
sawt-go/cmd/erpcheck/main.go:92.17,94.4 1 0
sawt-go/cmd/erpcheck/main.go:95.3,95.21 1 0
sawt-go/cmd/erpcheck/main.go:95.21,99.4 3 0
sawt-go/cmd/erpcheck/main.go:100.3,103.81 3 0
sawt-go/cmd/erpcheck/main.go:108.81,110.16 2 0
sawt-go/cmd/erpcheck/main.go:110.16,112.3 1 0
sawt-go/cmd/erpcheck/main.go:113.2,113.20 1 0
sawt-go/cmd/erpcheck/main.go:113.20,116.3 2 0
sawt-go/cmd/erpcheck/main.go:117.2,120.27 4 0
sawt-go/cmd/erpcheck/main.go:120.27,121.13 1 0
sawt-go/cmd/erpcheck/main.go:121.13,123.9 2 0
sawt-go/cmd/erpcheck/main.go:125.3,126.111 2 0
sawt-go/cmd/erpcheck/main.go:128.2,128.20 1 0
sawt-go/cmd/erpcheck/main.go:131.48,131.88 2 0
sawt-go/cmd/erpcheck/main.go:133.32,134.25 1 0
sawt-go/cmd/erpcheck/main.go:134.25,136.3 1 0
sawt-go/cmd/erpcheck/main.go:137.2,137.29 1 0
sawt-go/cmd/erpcheck/main.go:140.36,140.81 2 0
sawt-go/cmd/erpcheck/main.go:142.30,144.16 2 0
sawt-go/cmd/erpcheck/main.go:144.16,146.3 1 0
sawt-go/cmd/erpcheck/main.go:147.2,147.15 1 0
sawt-go/cmd/erpcheck/main.go:147.15,147.32 1 0
sawt-go/cmd/erpcheck/main.go:148.2,149.16 2 0
sawt-go/cmd/erpcheck/main.go:149.16,151.49 2 0
sawt-go/cmd/erpcheck/main.go:151.49,152.12 1 0
sawt-go/cmd/erpcheck/main.go:154.3,155.13 2 0
sawt-go/cmd/erpcheck/main.go:155.13,156.12 1 0
sawt-go/cmd/erpcheck/main.go:158.3,160.44 3 0
sawt-go/cmd/erpcheck/main.go:160.44,162.4 1 0
sawt-go/cmd/erpcheck/main.go:163.3,163.16 1 0
sawt-go/cmd/erpcheck/main.go:163.16,165.4 1 0
sawt-go/database/conn.go:13.79,14.23 1 0
sawt-go/database/conn.go:14.23,16.3 1 0
sawt-go/database/conn.go:18.2,19.16 2 0
sawt-go/database/conn.go:19.16,21.3 1 0
sawt-go/database/conn.go:24.2,30.16 6 0
sawt-go/database/conn.go:30.16,32.3 1 0
sawt-go/database/conn.go:35.2,38.43 3 0
sawt-go/database/conn.go:38.43,41.3 2 0
sawt-go/database/conn.go:43.2,44.18 2 0
sawt-go/database/db.go:20.28,22.2 1 0
sawt-go/database/db.go:28.46,32.2 1 0
sawt-go/database/query.sql.go:26.109,45.2 4 0
sawt-go/database/query.sql.go:57.100,76.2 4 0
sawt-go/database/query.sql.go:123.90,179.2 4 0
sawt-go/database/query.sql.go:193.123,204.2 4 0
sawt-go/database/query.sql.go:223.118,248.2 4 0
sawt-go/database/query.sql.go:263.91,272.2 2 0
sawt-go/database/query.sql.go:287.97,296.2 2 0
sawt-go/database/query.sql.go:312.91,322.2 2 0
sawt-go/database/query.sql.go:335.87,345.2 4 0
sawt-go/database/query.sql.go:380.91,402.2 2 0
sawt-go/database/query.sql.go:419.89,430.2 2 0
sawt-go/database/query.sql.go:445.91,454.2 2 0
sawt-go/database/query.sql.go:460.87,463.2 2 0
sawt-go/database/query.sql.go:470.75,501.2 4 0
sawt-go/database/query.sql.go:508.103,518.2 4 0
sawt-go/database/query.sql.go:525.107,544.2 4 0
sawt-go/database/query.sql.go:551.69,563.2 4 0
sawt-go/database/query.sql.go:570.89,572.16 2 0
sawt-go/database/query.sql.go:572.16,574.3 1 0
sawt-go/database/query.sql.go:575.2,577.18 3 0
sawt-go/database/query.sql.go:577.18,586.17 2 0
sawt-go/database/query.sql.go:586.17,588.4 1 0
sawt-go/database/query.sql.go:589.3,589.27 1 0
sawt-go/database/query.sql.go:591.2,591.35 1 0
sawt-go/database/query.sql.go:591.35,593.3 1 0
sawt-go/database/query.sql.go:594.2,594.19 1 0
sawt-go/database/query.sql.go:602.89,604.16 2 0
sawt-go/database/query.sql.go:604.16,606.3 1 0
sawt-go/database/query.sql.go:607.2,609.18 3 0
sawt-go/database/query.sql.go:609.18,619.17 2 0
sawt-go/database/query.sql.go:619.17,621.4 1 0
sawt-go/database/query.sql.go:622.3,622.27 1 0
sawt-go/database/query.sql.go:624.2,624.35 1 0
sawt-go/database/query.sql.go:624.35,626.3 1 0
sawt-go/database/query.sql.go:627.2,627.19 1 0
sawt-go/database/query.sql.go:635.89,645.2 4 0
sawt-go/database/query.sql.go:652.87,671.2 4 0
sawt-go/database/query.sql.go:678.68,680.16 2 0
sawt-go/database/query.sql.go:680.16,682.3 1 0
sawt-go/database/query.sql.go:683.2,685.18 3 0
sawt-go/database/query.sql.go:685.18,713.17 2 0
sawt-go/database/query.sql.go:713.17,715.4 1 0
sawt-go/database/query.sql.go:716.3,716.27 1 0
sawt-go/database/query.sql.go:718.2,718.35 1 0
sawt-go/database/query.sql.go:718.35,720.3 1 0
sawt-go/database/query.sql.go:721.2,721.19 1 0
sawt-go/database/query.sql.go:737.133,739.16 2 0
sawt-go/database/query.sql.go:739.16,741.3 1 0
sawt-go/database/query.sql.go:742.2,744.18 3 0
sawt-go/database/query.sql.go:744.18,752.17 2 0
sawt-go/database/query.sql.go:752.17,754.4 1 0
sawt-go/database/query.sql.go:755.3,755.27 1 0
sawt-go/database/query.sql.go:757.2,757.35 1 0
sawt-go/database/query.sql.go:757.35,759.3 1 0
sawt-go/database/query.sql.go:760.2,760.19 1 0
sawt-go/database/query.sql.go:770.100,772.16 2 0
sawt-go/database/query.sql.go:772.16,774.3 1 0
sawt-go/database/query.sql.go:775.2,777.18 3 0
sawt-go/database/query.sql.go:777.18,795.17 2 0
sawt-go/database/query.sql.go:795.17,797.4 1 0
sawt-go/database/query.sql.go:798.3,798.27 1 0
sawt-go/database/query.sql.go:800.2,800.35 1 0
sawt-go/database/query.sql.go:800.35,802.3 1 0
sawt-go/database/query.sql.go:803.2,803.19 1 0
sawt-go/database/query.sql.go:812.77,814.16 2 0
sawt-go/database/query.sql.go:814.16,816.3 1 0
sawt-go/database/query.sql.go:817.2,819.18 3 0
sawt-go/database/query.sql.go:819.18,847.17 2 0
sawt-go/database/query.sql.go:847.17,849.4 1 0
sawt-go/database/query.sql.go:850.3,850.27 1 0
sawt-go/database/query.sql.go:852.2,852.35 1 0
sawt-go/database/query.sql.go:852.35,854.3 1 0
sawt-go/database/query.sql.go:855.2,855.19 1 0
sawt-go/database/query.sql.go:863.96,865.16 2 0
sawt-go/database/query.sql.go:865.16,867.3 1 0
sawt-go/database/query.sql.go:868.2,870.18 3 0
sawt-go/database/query.sql.go:870.18,892.17 2 0
sawt-go/database/query.sql.go:892.17,894.4 1 0
sawt-go/database/query.sql.go:895.3,895.27 1 0
sawt-go/database/query.sql.go:897.2,897.35 1 0
sawt-go/database/query.sql.go:897.35,899.3 1 0
sawt-go/database/query.sql.go:900.2,900.19 1 0
sawt-go/database/query.sql.go:933.92,935.16 2 0
sawt-go/database/query.sql.go:935.16,937.3 1 0
sawt-go/database/query.sql.go:938.2,940.18 3 0
sawt-go/database/query.sql.go:940.18,955.17 2 0
sawt-go/database/query.sql.go:955.17,957.4 1 0
sawt-go/database/query.sql.go:958.3,958.27 1 0
sawt-go/database/query.sql.go:960.2,960.35 1 0
sawt-go/database/query.sql.go:960.35,962.3 1 0
sawt-go/database/query.sql.go:963.2,963.19 1 0
sawt-go/database/query.sql.go:971.76,973.16 2 0
sawt-go/database/query.sql.go:973.16,975.3 1 0
sawt-go/database/query.sql.go:976.2,978.18 3 0
sawt-go/database/query.sql.go:978.18,994.17 2 0
sawt-go/database/query.sql.go:994.17,996.4 1 0
sawt-go/database/query.sql.go:997.3,997.27 1 0
sawt-go/database/query.sql.go:999.2,999.35 1 0
sawt-go/database/query.sql.go:999.35,1001.3 1 0
sawt-go/database/query.sql.go:1002.2,1002.19 1 0
sawt-go/database/query.sql.go:1024.116,1050.2 4 0
sawt-go/database/query.sql.go:1065.124,1084.2 4 0
sawt-go/database/query.sql.go:1098.114,1100.16 2 0
sawt-go/database/query.sql.go:1100.16,1102.3 1 0
sawt-go/database/query.sql.go:1103.2,1105.18 3 0
sawt-go/database/query.sql.go:1105.18,1117.17 2 0
sawt-go/database/query.sql.go:1117.17,1119.4 1 0
sawt-go/database/query.sql.go:1120.3,1120.27 1 0
sawt-go/database/query.sql.go:1122.2,1122.35 1 0
sawt-go/database/query.sql.go:1122.35,1124.3 1 0
sawt-go/database/query.sql.go:1125.2,1125.19 1 0
sawt-go/database/query.sql.go:1134.88,1138.2 3 0
sawt-go/database/query.sql.go:1159.101,1167.2 2 0
sawt-go/database/query.sql.go:1175.81,1178.2 2 0
sawt-go/database/query.sql.go:1184.89,1187.2 2 0
sawt-go/database/query.sql.go:1193.93,1196.2 2 0
sawt-go/database/query.sql.go:1202.98,1205.2 2 0
sawt-go/database/query.sql.go:1211.82,1214.2 2 0
sawt-go/database/query.sql.go:1220.86,1223.2 2 0
sawt-go/database/query.sql.go:1241.95,1250.2 2 0
sawt-go/database/query.sql.go:1268.109,1278.2 2 0
sawt-go/database/query.sql.go:1294.93,1302.2 2 0
sawt-go/database/query.sql.go:1318.105,1326.2 2 0
sawt-go/database/query.sql.go:1361.130,1363.16 2 0
sawt-go/database/query.sql.go:1363.16,1365.3 1 0
sawt-go/database/query.sql.go:1366.2,1368.18 3 0
sawt-go/database/query.sql.go:1368.18,1381.17 2 0
sawt-go/database/query.sql.go:1381.17,1383.4 1 0
sawt-go/database/query.sql.go:1384.3,1384.27 1 0
sawt-go/database/query.sql.go:1386.2,1386.35 1 0
sawt-go/database/query.sql.go:1386.35,1388.3 1 0
sawt-go/database/query.sql.go:1389.2,1389.19 1 0
sawt-go/database/query.sql.go:1396.82,1399.2 2 0
sawt-go/database/query.sql.go:1405.91,1408.2 2 0
sawt-go/database/query.sql.go:1416.83,1419.2 2 0
sawt-go/database/query.sql.go:1427.90,1430.2 2 0
sawt-go/database/query.sql.go:1471.106,1522.2 4 0
sawt-go/database/query.sql.go:1538.87,1547.2 2 0
sawt-go/database/query.sql.go:1562.118,1581.2 4 0
sawt-go/database/query.sql.go:1596.105,1599.2 2 0
sawt-go/database/query.sql.go:1622.109,1633.2 2 0
sawt-go/database/query.sql.go:1663.91,1677.2 2 0
sawt-go/database/query.sql.go:1701.93,1714.2 2 0
sawt-go/cmd/mockerp/main.go:31.13,38.123 5 0
sawt-go/cmd/mockerp/main.go:38.123,54.3 4 0
sawt-go/cmd/mockerp/main.go:56.2,56.113 1 0
sawt-go/cmd/mockerp/main.go:56.113,66.3 5 0
sawt-go/cmd/mockerp/main.go:68.2,71.43 4 0
sawt-go/cmd/mockerp/main.go:76.99,77.54 1 0
sawt-go/cmd/mockerp/main.go:77.54,78.34 1 0
sawt-go/cmd/mockerp/main.go:78.34,81.4 2 0
sawt-go/cmd/mockerp/main.go:82.3,87.62 5 0
sawt-go/cmd/mockerp/main.go:87.62,91.4 3 0
sawt-go/cmd/mockerp/main.go:92.3,92.58 1 0
sawt-go/cmd/mockerp/main.go:92.58,93.84 1 0
sawt-go/cmd/mockerp/main.go:93.84,97.5 3 0
sawt-go/cmd/mockerp/main.go:99.3,99.19 1 0
sawt-go/cmd/mockerp/main.go:105.74,106.16 1 0
sawt-go/cmd/mockerp/main.go:108.35,109.188 1 0
sawt-go/cmd/mockerp/main.go:110.23,111.172 1 0
sawt-go/cmd/mockerp/main.go:112.20,117.5 1 0
sawt-go/cmd/mockerp/main.go:118.69,122.5 1 0
sawt-go/cmd/mockerp/main.go:123.46,127.5 1 0
sawt-go/cmd/mockerp/main.go:128.32,129.74 1 0
sawt-go/cmd/mockerp/main.go:130.24,131.132 1 0
sawt-go/cmd/mockerp/main.go:134.43,138.5 1 0
sawt-go/cmd/mockerp/main.go:139.21,140.200 1 0
sawt-go/cmd/mockerp/main.go:141.22,142.129 1 0
sawt-go/cmd/mockerp/main.go:143.20,144.157 1 0
sawt-go/cmd/mockerp/main.go:145.45,146.108 1 0
sawt-go/cmd/mockerp/main.go:147.22,148.131 1 0
sawt-go/cmd/mockerp/main.go:149.24,150.68 1 0
sawt-go/cmd/mockerp/main.go:151.26,152.148 1 0
sawt-go/cmd/mockerp/main.go:153.23,154.153 1 0
sawt-go/cmd/mockerp/main.go:155.20,156.114 1 0
sawt-go/cmd/mockerp/main.go:157.30,158.128 1 0
sawt-go/cmd/mockerp/main.go:159.29,160.131 1 0
sawt-go/cmd/mockerp/main.go:165.86,166.84 1 0
sawt-go/cmd/mockerp/main.go:168.10,169.129 1 0
sawt-go/cmd/mockerp/main.go:173.43,177.2 3 0
sawt-go/cmd/mockerp/main.go:179.34,179.85 1 0
sawt-go/cmd/mockerp/main.go:181.47,183.2 1 0
sawt-go/cmd/mockerp/main.go:185.58,189.2 3 0
sawt-go/cmd/mockerp/main.go:191.37,192.34 1 0
sawt-go/cmd/mockerp/main.go:192.34,194.3 1 0
sawt-go/cmd/mockerp/main.go:195.2,195.12 1 0
sawt-go/internal/monitor/monitor.go:18.23,20.15 2 6
sawt-go/internal/monitor/monitor.go:20.15,22.3 1 3
sawt-go/internal/monitor/monitor.go:22.8,24.3 1 3
sawt-go/internal/monitor/monitor.go:38.68,39.16 1 3
sawt-go/internal/monitor/monitor.go:39.16,41.3 1 1
sawt-go/internal/monitor/monitor.go:42.2,49.4 2 2
sawt-go/internal/monitor/monitor.go:53.59,63.2 3 1
sawt-go/internal/monitor/monitor.go:65.37,66.29 1 5
sawt-go/internal/monitor/monitor.go:66.29,68.3 1 3
sawt-go/internal/monitor/monitor.go:69.2,69.28 1 2
sawt-go/internal/monitor/monitor.go:69.28,71.3 1 1
sawt-go/internal/monitor/monitor.go:72.2,73.18 2 1
sawt-go/internal/monitor/monitor.go:78.25,79.22 1 3
sawt-go/internal/monitor/monitor.go:79.22,81.3 1 1
sawt-go/internal/monitor/monitor.go:82.2,82.12 1 2
sawt-go/internal/monitor/monitor.go:82.12,84.17 2 2
sawt-go/internal/monitor/monitor.go:84.17,86.4 1 0
sawt-go/internal/monitor/monitor.go:87.3,88.17 2 2
sawt-go/internal/monitor/monitor.go:88.17,91.4 2 0
sawt-go/internal/monitor/monitor.go:92.3,92.24 1 2
sawt-go/internal/erp/client.go:47.48,55.2 1 10
sawt-go/internal/erp/client.go:57.62,61.2 3 15
sawt-go/internal/erp/client.go:63.69,64.20 1 11
sawt-go/internal/erp/client.go:64.20,66.3 1 1
sawt-go/internal/erp/client.go:68.2,75.21 7 10
sawt-go/internal/erp/client.go:84.46,86.26 2 0
sawt-go/internal/erp/client.go:86.26,88.3 1 0
sawt-go/internal/erp/client.go:89.2,89.59 1 0
sawt-go/internal/erp/client.go:96.46,99.2 2 9
sawt-go/internal/erp/client.go:107.126,111.56 3 9
sawt-go/internal/erp/client.go:111.56,112.18 1 9
sawt-go/internal/erp/client.go:112.18,113.11 1 0
sawt-go/internal/erp/client.go:114.49,114.49 0 0
sawt-go/internal/erp/client.go:115.22,116.29 1 0
sawt-go/internal/erp/client.go:120.3,121.17 2 9
sawt-go/internal/erp/client.go:121.17,123.4 1 0
sawt-go/internal/erp/client.go:124.3,125.17 2 9
sawt-go/internal/erp/client.go:125.17,127.4 1 0
sawt-go/internal/erp/client.go:128.3,130.38 3 9
sawt-go/internal/erp/client.go:130.38,132.4 1 0
sawt-go/internal/erp/client.go:134.3,135.17 2 9
sawt-go/internal/erp/client.go:135.17,137.12 2 0
sawt-go/internal/erp/client.go:139.3,141.21 3 9
sawt-go/internal/erp/client.go:141.21,143.12 2 0
sawt-go/internal/erp/client.go:145.3,145.78 1 9
sawt-go/internal/erp/client.go:145.78,147.12 2 0
sawt-go/internal/erp/client.go:149.3,149.41 1 9
sawt-go/internal/erp/client.go:151.2,151.24 1 0
sawt-go/internal/erp/client.go:155.88,156.20 1 10
sawt-go/internal/erp/client.go:156.20,158.3 1 0
sawt-go/internal/erp/client.go:160.2,161.43 2 10
sawt-go/internal/erp/client.go:161.43,162.48 1 2
sawt-go/internal/erp/client.go:162.48,165.4 2 1
sawt-go/internal/erp/client.go:167.2,171.16 4 9
sawt-go/internal/erp/client.go:171.16,173.3 1 0
sawt-go/internal/erp/client.go:176.2,178.16 3 9
sawt-go/internal/erp/client.go:178.16,183.3 4 0
sawt-go/internal/erp/client.go:184.2,184.29 1 9
sawt-go/internal/erp/client.go:184.29,189.3 4 0
sawt-go/internal/erp/client.go:191.2,197.67 2 9
sawt-go/internal/erp/client.go:197.67,199.3 1 1
sawt-go/internal/erp/client.go:201.2,201.30 1 8
sawt-go/internal/erp/client.go:201.30,209.3 4 1
sawt-go/internal/erp/client.go:211.2,211.36 1 7
sawt-go/internal/erp/client.go:211.36,219.3 4 0
sawt-go/internal/erp/client.go:221.2,230.37 5 7
sawt-go/internal/erp/client.go:234.146,235.20 1 1
sawt-go/internal/erp/client.go:235.20,241.3 1 1
sawt-go/internal/erp/client.go:243.2,250.16 3 0
sawt-go/internal/erp/client.go:250.16,252.3 1 0
sawt-go/internal/erp/client.go:254.2,256.16 3 0
sawt-go/internal/erp/client.go:256.16,265.3 1 0
sawt-go/internal/erp/client.go:267.2,268.59 2 0
sawt-go/internal/erp/client.go:268.59,270.3 1 0
sawt-go/internal/erp/client.go:272.2,272.20 1 0
sawt-go/internal/erp/fallback.go:26.68,27.71 1 8
sawt-go/internal/erp/fallback.go:27.71,29.3 1 3
sawt-go/internal/erp/fallback.go:30.2,30.73 1 5
sawt-go/internal/erp/fallback.go:30.73,32.3 1 2
sawt-go/internal/erp/fallback.go:33.2,34.13 2 3
sawt-go/internal/erp/link.go:34.162,36.69 2 7
sawt-go/internal/erp/link.go:36.69,38.3 1 1
sawt-go/internal/erp/link.go:40.2,41.16 2 7
sawt-go/internal/erp/link.go:41.16,43.3 1 1
sawt-go/internal/erp/link.go:45.2,48.9 3 6
sawt-go/internal/erp/link.go:49.23,52.39 3 1
sawt-go/internal/erp/link.go:53.32,57.40 4 1
sawt-go/internal/erp/link.go:58.10,59.40 1 4
sawt-go/internal/erp/link.go:62.2,62.71 1 6
sawt-go/internal/erp/link.go:62.71,64.3 1 0
sawt-go/internal/erp/link.go:65.2,65.20 1 6
sawt-go/internal/erp/link.go:68.92,75.30 7 5
sawt-go/internal/erp/link.go:75.30,78.3 2 5
sawt-go/internal/trace/trace.go:11.59,13.2 1 2
sawt-go/internal/trace/trace.go:16.37,17.47 1 4
sawt-go/internal/trace/trace.go:17.47,19.3 1 2
sawt-go/internal/trace/trace.go:20.2,20.11 1 2
sawt-go/internal/trace/trace.go:25.68,26.29 1 2
sawt-go/internal/trace/trace.go:26.29,29.3 2 1
sawt-go/internal/trace/trace.go:30.2,30.29 1 1
sawt-go/internal/workflow/clarification.go:35.40,37.46 2 3
sawt-go/internal/workflow/clarification.go:37.46,39.3 1 0
sawt-go/internal/workflow/clarification.go:40.2,40.30 1 3
sawt-go/internal/workflow/clarification.go:80.105,88.56 3 2
sawt-go/internal/workflow/clarification.go:88.56,90.3 1 0
sawt-go/internal/workflow/clarification.go:91.2,91.45 1 2
sawt-go/internal/workflow/clarification.go:99.73,100.29 1 14
sawt-go/internal/workflow/clarification.go:100.29,102.3 1 1
sawt-go/internal/workflow/clarification.go:103.2,103.38 1 13
sawt-go/internal/workflow/clarification.go:103.38,104.25 1 0
sawt-go/internal/workflow/clarification.go:104.25,106.4 1 0
sawt-go/internal/workflow/clarification.go:108.2,108.14 1 13
sawt-go/internal/workflow/clarification.go:116.88,118.44 2 9
sawt-go/internal/workflow/clarification.go:118.44,120.3 1 4
sawt-go/internal/workflow/clarification.go:121.2,121.37 1 9
sawt-go/internal/workflow/clarification.go:121.37,122.26 1 0
sawt-go/internal/workflow/clarification.go:122.26,123.12 1 0
sawt-go/internal/workflow/clarification.go:125.3,126.10 2 0
sawt-go/internal/workflow/clarification.go:126.10,127.12 1 0
sawt-go/internal/workflow/clarification.go:129.3,129.87 1 0
sawt-go/internal/workflow/clarification.go:131.2,132.28 2 9
sawt-go/internal/workflow/clarification.go:132.28,134.3 1 4
sawt-go/internal/workflow/clarification.go:135.2,135.14 1 9
sawt-go/internal/workflow/clarification.go:143.63,145.21 2 36
sawt-go/internal/workflow/clarification.go:145.21,147.3 1 11
sawt-go/internal/workflow/clarification.go:148.2,148.35 1 25
sawt-go/internal/workflow/clarification.go:148.35,150.3 1 22
sawt-go/internal/workflow/clarification.go:151.2,151.13 1 3
sawt-go/internal/workflow/clarification.go:163.162,164.22 1 19
sawt-go/internal/workflow/clarification.go:164.22,166.3 1 5
sawt-go/internal/workflow/clarification.go:168.2,170.16 3 14
sawt-go/internal/workflow/clarification.go:170.16,172.3 1 0
sawt-go/internal/workflow/clarification.go:174.2,175.32 2 14
sawt-go/internal/workflow/clarification.go:175.32,177.3 1 1
sawt-go/internal/workflow/clarification.go:179.2,180.24 2 13
sawt-go/internal/workflow/clarification.go:180.24,182.3 1 4
sawt-go/internal/workflow/clarification.go:184.2,186.26 3 9
sawt-go/internal/workflow/clarification.go:186.26,188.3 1 4
sawt-go/internal/workflow/clarification.go:190.2,192.33 3 9
sawt-go/internal/workflow/clarification.go:192.33,193.28 1 33
sawt-go/internal/workflow/clarification.go:193.28,194.12 1 23
sawt-go/internal/workflow/clarification.go:196.3,196.52 1 10
sawt-go/internal/workflow/clarification.go:196.52,198.12 2 3
sawt-go/internal/workflow/clarification.go:200.3,200.42 1 7
sawt-go/internal/workflow/clarification.go:200.42,201.41 1 3
sawt-go/internal/workflow/clarification.go:201.41,208.13 2 1
sawt-go/internal/workflow/clarification.go:210.4,210.75 1 2
sawt-go/internal/workflow/clarification.go:210.75,212.13 2 2
sawt-go/internal/workflow/clarification.go:218.3,219.19 2 4
sawt-go/internal/workflow/clarification.go:222.2,222.14 1 9
sawt-go/internal/workflow/clarification.go:222.14,223.26 1 7
sawt-go/internal/workflow/clarification.go:223.26,225.4 1 1
sawt-go/internal/workflow/clarification.go:226.3,226.19 1 7
sawt-go/internal/workflow/clarification.go:228.2,228.23 1 2
sawt-go/internal/workflow/clarification.go:228.23,234.3 1 0
sawt-go/internal/workflow/clarification.go:236.2,236.93 1 2
sawt-go/internal/workflow/clarification.go:236.93,238.3 1 0
sawt-go/internal/workflow/clarification.go:239.2,239.19 1 2
sawt-go/internal/workflow/clarification.go:260.53,262.28 2 2
sawt-go/internal/workflow/clarification.go:262.28,263.40 1 4
sawt-go/internal/workflow/clarification.go:263.40,265.4 1 4
sawt-go/internal/workflow/clarification.go:265.9,267.4 1 0
sawt-go/internal/workflow/clarification.go:269.2,269.36 1 2
sawt-go/internal/workflow/clarification.go:276.161,278.58 2 2
sawt-go/internal/workflow/clarification.go:278.58,280.3 1 0
sawt-go/internal/workflow/clarification.go:284.2,285.73 1 2
sawt-go/internal/workflow/clarification.go:285.73,290.3 2 0
sawt-go/internal/workflow/clarification.go:292.2,292.38 1 2
sawt-go/internal/workflow/clarification.go:292.38,296.3 3 0
sawt-go/internal/workflow/clarification.go:298.2,299.16 2 2
sawt-go/internal/workflow/clarification.go:299.16,301.3 1 0
sawt-go/internal/workflow/clarification.go:302.2,303.16 2 2
sawt-go/internal/workflow/clarification.go:303.16,305.3 1 0
sawt-go/internal/workflow/clarification.go:307.2,320.17 2 2
sawt-go/internal/workflow/clarification.go:320.17,322.3 1 0
sawt-go/internal/workflow/clarification.go:324.2,332.12 4 2
sawt-go/internal/workflow/clarification.go:341.92,342.44 1 24
sawt-go/internal/workflow/clarification.go:342.44,344.3 1 9
sawt-go/internal/workflow/clarification.go:346.2,347.51 2 15
sawt-go/internal/workflow/clarification.go:347.51,349.3 1 12
sawt-go/internal/workflow/clarification.go:351.2,351.42 1 3
sawt-go/internal/workflow/clarification.go:351.42,354.3 2 1
sawt-go/internal/workflow/clarification.go:355.2,355.48 1 2
sawt-go/internal/workflow/clarification.go:355.48,359.3 3 1
sawt-go/internal/workflow/clarification.go:361.2,362.16 2 1
sawt-go/internal/workflow/clarification.go:362.16,364.3 1 0
sawt-go/internal/workflow/clarification.go:366.2,367.9 2 1
sawt-go/internal/workflow/clarification.go:367.9,370.3 2 0
sawt-go/internal/workflow/clarification.go:372.2,383.50 6 1
sawt-go/internal/workflow/confirmation.go:75.35,76.35 1 29
sawt-go/internal/workflow/confirmation.go:76.35,78.3 1 28
sawt-go/internal/workflow/confirmation.go:79.2,79.17 1 1
sawt-go/internal/workflow/confirmation.go:91.38,93.83 2 18
sawt-go/internal/workflow/confirmation.go:93.83,95.3 1 1
sawt-go/internal/workflow/confirmation.go:96.2,96.34 1 17
sawt-go/internal/workflow/confirmation.go:96.34,97.115 1 218
sawt-go/internal/workflow/confirmation.go:97.115,99.4 1 11
sawt-go/internal/workflow/confirmation.go:101.2,101.14 1 6
sawt-go/internal/workflow/confirmation.go:106.79,107.16 1 5
sawt-go/internal/workflow/confirmation.go:108.28,109.106 1 2
sawt-go/internal/workflow/confirmation.go:110.24,111.122 1 2
sawt-go/internal/workflow/confirmation.go:112.24,113.129 1 0
sawt-go/internal/workflow/confirmation.go:114.10,116.101 2 1
sawt-go/internal/workflow/confirmation.go:122.131,128.127 1 6
sawt-go/internal/workflow/confirmation.go:128.127,139.3 4 1
sawt-go/internal/workflow/confirmation.go:141.2,142.16 2 5
sawt-go/internal/workflow/confirmation.go:142.16,144.3 1 0
sawt-go/internal/workflow/confirmation.go:146.2,156.17 2 5
sawt-go/internal/workflow/confirmation.go:156.17,158.3 1 0
sawt-go/internal/workflow/confirmation.go:161.2,169.12 4 5
sawt-go/internal/workflow/confirmation.go:175.102,176.44 1 22
sawt-go/internal/workflow/confirmation.go:176.44,178.3 1 9
sawt-go/internal/workflow/confirmation.go:188.2,189.16 2 13
sawt-go/internal/workflow/confirmation.go:189.16,193.3 1 9
sawt-go/internal/workflow/confirmation.go:194.2,194.15 1 4
sawt-go/internal/workflow/confirmation.go:194.15,194.77 1 4
sawt-go/internal/workflow/confirmation.go:198.2,198.41 1 4
sawt-go/internal/workflow/confirmation.go:198.41,205.3 3 1
sawt-go/internal/workflow/confirmation.go:207.2,208.48 2 3
sawt-go/internal/workflow/confirmation.go:208.48,209.39 1 3
sawt-go/internal/workflow/confirmation.go:209.39,211.9 2 3
sawt-go/internal/workflow/confirmation.go:215.2,215.34 1 3
sawt-go/internal/workflow/confirmation.go:215.34,222.3 3 2
sawt-go/internal/workflow/confirmation.go:224.2,225.60 2 1
sawt-go/internal/workflow/confirmation.go:225.60,227.3 1 0
sawt-go/internal/workflow/confirmation.go:235.2,235.41 1 1
sawt-go/internal/workflow/confirmation.go:235.41,237.3 1 0
sawt-go/internal/workflow/confirmation.go:241.2,242.16 2 1
sawt-go/internal/workflow/confirmation.go:242.16,244.3 1 0
sawt-go/internal/workflow/confirmation.go:246.2,255.39 3 1
sawt-go/internal/workflow/confirmation.go:255.39,257.3 1 1
sawt-go/internal/workflow/confirmation.go:258.2,260.38 2 1
sawt-go/internal/workflow/confirmation.go:260.38,262.3 1 0
sawt-go/internal/workflow/confirmation.go:262.8,264.20 2 1
sawt-go/internal/workflow/confirmation.go:264.20,266.4 1 0
sawt-go/internal/workflow/confirmation.go:267.3,267.84 1 1
sawt-go/internal/workflow/confirmation.go:270.2,271.18 2 1
sawt-go/internal/workflow/confirmation.go:278.73,281.2 2 0
sawt-go/internal/workflow/engine.go:127.62,128.16 1 0
sawt-go/internal/workflow/engine.go:128.16,130.3 1 0
sawt-go/internal/workflow/engine.go:133.109,144.25 2 49
sawt-go/internal/workflow/engine.go:144.25,149.3 2 0
sawt-go/internal/workflow/engine.go:149.8,151.3 1 49
sawt-go/internal/workflow/engine.go:152.2,152.28 1 49
sawt-go/internal/workflow/engine.go:152.28,157.3 2 0
sawt-go/internal/workflow/engine.go:157.8,159.3 1 49
sawt-go/internal/workflow/engine.go:160.2,160.26 1 49
sawt-go/internal/workflow/engine.go:160.26,165.3 2 0
sawt-go/internal/workflow/engine.go:165.8,167.3 1 49
sawt-go/internal/workflow/engine.go:169.2,170.10 2 49
sawt-go/internal/workflow/engine.go:178.58,181.2 2 5
sawt-go/internal/workflow/engine.go:186.98,187.38 1 75
sawt-go/internal/workflow/engine.go:187.38,189.3 1 24
sawt-go/internal/workflow/engine.go:190.2,191.52 1 51
sawt-go/internal/workflow/engine.go:191.52,192.74 1 5
sawt-go/internal/workflow/engine.go:192.74,194.4 1 5
sawt-go/internal/workflow/engine.go:196.2,196.66 1 46
sawt-go/internal/workflow/engine.go:196.66,198.3 1 1
sawt-go/internal/workflow/engine.go:199.2,199.32 1 45
sawt-go/internal/workflow/engine.go:205.86,207.9 2 0
sawt-go/internal/workflow/engine.go:207.9,209.3 1 0
sawt-go/internal/workflow/engine.go:210.2,211.16 2 0
sawt-go/internal/workflow/engine.go:211.16,213.3 1 0
sawt-go/internal/workflow/engine.go:214.2,214.12 1 0
sawt-go/internal/workflow/engine.go:222.97,224.9 2 25
sawt-go/internal/workflow/engine.go:224.9,226.3 1 23
sawt-go/internal/workflow/engine.go:227.2,228.16 2 2
sawt-go/internal/workflow/engine.go:228.16,230.3 1 0
sawt-go/internal/workflow/engine.go:231.2,232.51 2 2
sawt-go/internal/workflow/engine.go:232.51,234.3 1 1
sawt-go/internal/workflow/engine.go:235.2,241.98 2 1
sawt-go/internal/workflow/engine.go:247.154,249.25 2 2
sawt-go/internal/workflow/engine.go:249.25,251.3 1 2
sawt-go/internal/workflow/engine.go:252.2,252.25 1 2
sawt-go/internal/workflow/engine.go:252.25,254.3 1 1
sawt-go/internal/workflow/engine.go:256.2,257.30 2 1
sawt-go/internal/workflow/engine.go:257.30,259.17 2 2
sawt-go/internal/workflow/engine.go:259.17,261.4 1 1
sawt-go/internal/workflow/engine.go:262.3,263.16 2 1
sawt-go/internal/workflow/engine.go:265.2,265.65 1 0
sawt-go/internal/workflow/engine.go:269.166,281.16 4 2
sawt-go/internal/workflow/engine.go:281.16,283.3 1 0
sawt-go/internal/workflow/engine.go:285.2,286.16 2 2
sawt-go/internal/workflow/engine.go:286.16,288.3 1 0
sawt-go/internal/workflow/engine.go:290.2,294.16 4 2
sawt-go/internal/workflow/engine.go:294.16,296.3 1 0
sawt-go/internal/workflow/engine.go:297.2,297.15 1 2
sawt-go/internal/workflow/engine.go:297.15,297.40 1 2
sawt-go/internal/workflow/engine.go:299.2,300.16 2 2
sawt-go/internal/workflow/engine.go:300.16,302.3 1 0
sawt-go/internal/workflow/engine.go:304.2,304.38 1 2
sawt-go/internal/workflow/engine.go:304.38,306.3 1 1
sawt-go/internal/workflow/engine.go:308.2,314.67 2 1
sawt-go/internal/workflow/engine.go:314.67,316.3 1 0
sawt-go/internal/workflow/engine.go:318.2,318.38 1 1
sawt-go/internal/workflow/engine.go:318.38,320.3 1 0
sawt-go/internal/workflow/engine.go:322.2,322.48 1 1
sawt-go/internal/workflow/engine.go:326.82,327.30 1 29
sawt-go/internal/workflow/engine.go:327.30,330.3 2 0
sawt-go/internal/workflow/engine.go:333.2,334.48 2 29
sawt-go/internal/workflow/engine.go:334.48,335.39 1 29
sawt-go/internal/workflow/engine.go:335.39,337.9 2 29
sawt-go/internal/workflow/engine.go:341.2,341.25 1 29
sawt-go/internal/workflow/engine.go:341.25,344.3 2 0
sawt-go/internal/workflow/engine.go:346.2,361.16 4 29
sawt-go/internal/workflow/engine.go:361.16,365.3 3 1
sawt-go/internal/workflow/engine.go:368.2,373.16 4 28
sawt-go/internal/workflow/engine.go:374.82,375.24 1 26
sawt-go/internal/workflow/engine.go:376.10,377.25 1 2
sawt-go/internal/workflow/engine.go:380.2,381.12 2 28
sawt-go/internal/workflow/engine.go:384.75,391.74 2 22
sawt-go/internal/workflow/engine.go:391.74,393.3 1 0
sawt-go/internal/workflow/engine.go:393.8,393.20 1 22
sawt-go/internal/workflow/engine.go:393.20,395.3 1 1
sawt-go/internal/workflow/engine.go:400.2,400.64 1 21
sawt-go/internal/workflow/engine.go:400.64,402.3 1 0
sawt-go/internal/workflow/engine.go:402.8,402.20 1 21
sawt-go/internal/workflow/engine.go:402.20,404.3 1 0
sawt-go/internal/workflow/engine.go:407.2,407.89 1 21
sawt-go/internal/workflow/engine.go:407.89,410.3 2 0
sawt-go/internal/workflow/engine.go:413.2,413.53 1 21
sawt-go/internal/workflow/engine.go:413.53,415.3 1 0
sawt-go/internal/workflow/engine.go:418.2,418.22 1 21
sawt-go/internal/workflow/engine.go:419.20,420.56 1 10
sawt-go/internal/workflow/engine.go:421.20,422.56 1 4
sawt-go/internal/workflow/engine.go:423.24,424.60 1 2
sawt-go/internal/workflow/engine.go:425.15,426.51 1 0
sawt-go/internal/workflow/engine.go:427.18,428.54 1 0
sawt-go/internal/workflow/engine.go:429.10,430.42 1 5
sawt-go/internal/workflow/engine.go:434.86,437.25 2 5
sawt-go/internal/workflow/engine.go:437.25,439.3 1 1
sawt-go/internal/workflow/engine.go:441.2,443.16 3 5
sawt-go/internal/workflow/engine.go:443.16,445.3 1 0
sawt-go/internal/workflow/engine.go:447.2,448.12 2 5
sawt-go/internal/workflow/engine.go:454.99,457.38 2 16
sawt-go/internal/workflow/engine.go:457.38,459.17 2 9
sawt-go/internal/workflow/engine.go:459.17,460.70 1 0
sawt-go/internal/workflow/engine.go:460.70,462.5 1 0
sawt-go/internal/workflow/engine.go:462.10,462.63 1 0
sawt-go/internal/workflow/engine.go:462.63,464.47 2 0
sawt-go/internal/workflow/engine.go:464.47,466.6 1 0
sawt-go/internal/workflow/engine.go:467.10,470.47 2 0
sawt-go/internal/workflow/engine.go:470.47,472.6 1 0
sawt-go/internal/workflow/engine.go:476.2,476.21 1 16
sawt-go/internal/workflow/engine.go:482.99,483.72 1 17
sawt-go/internal/workflow/engine.go:483.72,487.3 2 1
sawt-go/internal/workflow/engine.go:488.2,491.31 3 16
sawt-go/internal/workflow/engine.go:491.31,493.49 2 174
sawt-go/internal/workflow/engine.go:493.49,495.4 1 166
sawt-go/internal/workflow/engine.go:499.2,508.27 6 16
sawt-go/internal/workflow/engine.go:508.27,510.3 1 16
sawt-go/internal/workflow/engine.go:511.2,519.26 5 16
sawt-go/internal/workflow/engine.go:519.26,521.3 1 166
sawt-go/internal/workflow/engine.go:523.2,524.25 2 16
sawt-go/internal/workflow/engine.go:524.25,526.3 1 0
[...]
sawt-go/main.go:194.5,194.115 1 0
sawt-go/main.go:196.26,198.51 2 0
sawt-go/main.go:199.26,202.49 3 0
sawt-go/main.go:202.49,204.5 1 0
sawt-go/main.go:207.2,207.16 1 0
sawt-go/main.go:207.16,209.3 1 0
sawt-go/main.go:219.2,220.34 2 0
sawt-go/main.go:220.34,222.17 2 0
sawt-go/main.go:222.17,224.4 1 0
sawt-go/main.go:228.2,229.16 2 0
sawt-go/main.go:229.16,231.3 1 0
sawt-go/main.go:234.2,234.19 1 0
sawt-go/main.go:234.19,235.59 1 0
sawt-go/main.go:235.59,238.4 2 0
sawt-go/main.go:242.2,242.63 1 0
sawt-go/main.go:242.63,243.13 1 0
sawt-go/main.go:243.13,244.11 1 0
sawt-go/main.go:245.39,248.19 3 0
sawt-go/main.go:248.19,250.6 1 0
sawt-go/main.go:250.11,252.6 1 0
sawt-go/main.go:253.22,254.11 1 0
sawt-go/main.go:260.2,278.12 7 0
sawt-go/main.go:278.12,280.80 2 0
sawt-go/main.go:280.80,282.4 1 0
sawt-go/main.go:286.2,295.49 6 0
sawt-go/main.go:295.49,298.3 2 0
sawt-go/main.go:299.2,307.12 4 0
sawt-go/main.go:307.12,307.49 2 0
sawt-go/main.go:308.2,308.9 1 0
sawt-go/main.go:309.17,310.53 1 0
sawt-go/main.go:311.38,312.91 1 0
sawt-go/main.go:318.2,319.35 2 0
sawt-go/main.go:327.77,344.4 3 0
sawt-go/main.go:344.4,345.41 1 0
sawt-go/main.go:345.41,347.4 1 0
sawt-go/main.go:349.2,349.42 1 0
sawt-go/main.go:352.114,354.90 2 0
sawt-go/main.go:354.90,356.3 1 0
sawt-go/main.go:357.2,357.19 1 0
sawt-go/main.go:357.19,359.3 1 0
sawt-go/main.go:361.2,362.20 2 0
sawt-go/main.go:362.20,364.3 1 0
sawt-go/main.go:366.2,368.20 3 0
sawt-go/main.go:368.20,370.43 2 0
sawt-go/main.go:370.43,372.4 1 0
sawt-go/main.go:373.3,374.19 2 0
sawt-go/main.go:377.2,378.16 2 0
sawt-go/main.go:378.16,380.3 1 0
sawt-go/main.go:382.2,385.17 1 0
sawt-go/main.go:385.17,387.3 1 0
sawt-go/main.go:389.2,389.15 1 0
sawt-go/main.go:389.15,395.3 2 0
sawt-go/main.go:395.8,397.3 1 0
sawt-go/main.go:398.2,398.12 1 0
sawt-go/main.go:404.114,406.16 2 3
sawt-go/main.go:406.16,408.3 1 1
sawt-go/main.go:409.2,410.29 2 3
sawt-go/main.go:410.29,412.3 1 1
sawt-go/main.go:413.2,414.36 2 3
sawt-go/main.go:414.36,416.3 1 1
sawt-go/main.go:417.2,423.3 1 3
sawt-go/main.go:437.3,438.23 1 0
sawt-go/main.go:438.23,440.3 1 0
sawt-go/main.go:441.2,441.50 1 0
sawt-go/main.go:441.50,443.3 1 0
sawt-go/main.go:444.2,444.22 1 0
sawt-go/main.go:444.22,447.3 2 0
sawt-go/main.go:450.2,457.15 4 0
sawt-go/main.go:457.15,458.31 1 0
sawt-go/main.go:458.31,461.4 2 0
sawt-go/main.go:464.2,472.74 2 0
sawt-go/main.go:472.74,473.36 1 0
sawt-go/main.go:473.36,476.4 2 0
sawt-go/main.go:477.3,477.91 1 0
sawt-go/main.go:481.2,481.78 1 0
sawt-go/main.go:481.78,483.17 1 0
sawt-go/main.go:483.17,485.4 1 0
sawt-go/main.go:486.3,487.9 2 0
sawt-go/main.go:491.2,492.16 2 0
sawt-go/main.go:492.16,498.93 2 0
sawt-go/main.go:498.93,500.4 1 0
sawt-go/main.go:501.3,502.17 2 0
sawt-go/main.go:502.17,505.4 2 0
sawt-go/main.go:506.3,506.23 1 0
sawt-go/main.go:506.23,509.4 2 0
sawt-go/main.go:510.3,510.123 1 0
sawt-go/main.go:512.2,512.22 1 0
sawt-go/main.go:512.22,516.3 2 0
sawt-go/main.go:518.2,522.37 3 0
sawt-go/main.go:522.37,524.3 1 0
sawt-go/main.go:524.8,524.98 1 0
sawt-go/main.go:524.98,526.3 1 0
sawt-go/main.go:526.8,526.87 1 0
sawt-go/main.go:526.87,528.3 1 0
sawt-go/main.go:528.8,528.87 1 0
sawt-go/main.go:528.87,530.3 1 0
sawt-go/main.go:532.2,537.13 4 0
sawt-go/main.go:537.13,540.17 3 0
sawt-go/main.go:540.17,563.4 6 0
sawt-go/main.go:567.3,580.17 4 0
sawt-go/main.go:580.17,603.4 6 0
sawt-go/main.go:606.3,611.17 5 0
sawt-go/main.go:611.17,634.4 6 0
sawt-go/main.go:636.3,645.5 2 0
sawt-go/main.go:648.2,648.16 1 0
sawt-go/main.go:648.16,650.3 1 0
sawt-go/main.go:656.2,657.13 2 0
sawt-go/main.go:657.13,659.3 1 0
sawt-go/main.go:660.2,675.16 4 0
sawt-go/main.go:675.16,677.3 1 0
sawt-go/main.go:677.8,679.3 1 0
sawt-go/main.go:683.2,683.53 1 0
sawt-go/main.go:683.53,685.3 1 0
sawt-go/main.go:688.2,689.16 2 0
sawt-go/main.go:689.16,691.3 1 0
sawt-go/main.go:693.2,709.16 6 0
sawt-go/main.go:709.16,723.3 5 0
sawt-go/main.go:725.2,734.32 6 0
sawt-go/main.go:734.32,745.17 8 0
sawt-go/main.go:745.17,747.4 1 0
sawt-go/main.go:747.9,751.18 3 0
sawt-go/main.go:751.18,754.5 2 0
sawt-go/main.go:754.10,774.5 2 0
sawt-go/main.go:778.2,783.25 4 0
sawt-go/main.go:783.25,786.17 3 0
sawt-go/main.go:786.17,793.4 5 0
sawt-go/main.go:793.9,795.28 2 0
sawt-go/main.go:795.28,797.5 1 0
sawt-go/main.go:800.4,801.28 2 0
sawt-go/main.go:801.28,803.5 1 0
sawt-go/main.go:805.4,806.38 2 0
sawt-go/main.go:806.38,809.25 3 0
sawt-go/main.go:809.25,814.45 4 0
sawt-go/main.go:814.45,817.23 3 0
sawt-go/main.go:817.23,819.8 1 0
sawt-go/main.go:821.7,823.48 3 0
sawt-go/main.go:823.48,825.32 2 0
sawt-go/main.go:825.32,828.23 3 0
sawt-go/main.go:828.23,830.10 1 0
sawt-go/main.go:831.9,832.16 2 0
sawt-go/main.go:836.7,837.20 2 0
sawt-go/main.go:837.20,839.8 1 0
sawt-go/main.go:840.7,841.24 2 0
sawt-go/main.go:841.24,843.8 1 0
sawt-go/main.go:847.6,847.21 1 0
sawt-go/main.go:847.21,848.46 1 0
sawt-go/main.go:848.46,851.19 3 0
sawt-go/main.go:851.19,853.9 1 0
sawt-go/main.go:854.8,854.21 1 0
sawt-go/main.go:854.21,856.9 1 0
sawt-go/main.go:857.8,857.32 1 0
sawt-go/main.go:861.10,863.29 1 0
sawt-go/main.go:863.29,865.16 2 0
sawt-go/main.go:865.16,867.7 1 0
sawt-go/main.go:868.6,871.17 4 0
sawt-go/main.go:871.17,873.7 1 0
sawt-go/main.go:874.6,874.18 1 0
sawt-go/main.go:874.18,876.7 1 0
sawt-go/main.go:877.6,877.25 1 0
sawt-go/main.go:881.4,896.18 3 0
sawt-go/main.go:896.18,901.5 4 0
sawt-go/main.go:903.8,903.28 1 0
sawt-go/main.go:903.28,905.3 1 0
sawt-go/main.go:909.2,909.21 1 0
sawt-go/main.go:909.21,911.26 2 0
sawt-go/main.go:911.26,913.4 1 0
sawt-go/main.go:914.3,915.29 2 0
sawt-go/main.go:915.29,917.4 1 0
sawt-go/main.go:918.3,926.5 1 0
sawt-go/main.go:930.2,935.42 4 0
sawt-go/main.go:935.42,937.3 1 0
sawt-go/main.go:939.2,942.23 3 0
sawt-go/main.go:942.23,944.3 1 0
sawt-go/main.go:946.2,965.4 1 0
sawt-go/main.go:968.96,973.16 3 0
sawt-go/main.go:973.16,975.3 1 0
sawt-go/web/auth.go:36.81,41.2 1 46
sawt-go/web/auth.go:43.56,47.2 3 51
sawt-go/web/auth.go:50.91,55.2 4 27
sawt-go/web/auth.go:58.77,63.21 2 27
sawt-go/web/auth.go:63.21,65.3 1 2
sawt-go/web/auth.go:66.2,70.27 4 25
sawt-go/web/auth.go:70.27,72.3 1 1
sawt-go/web/auth.go:73.2,79.57 5 24
sawt-go/web/auth.go:79.57,81.3 1 4
sawt-go/web/auth.go:83.2,84.16 2 20
sawt-go/web/auth.go:84.16,86.3 1 0
sawt-go/web/auth.go:88.2,88.29 1 20
sawt-go/web/auth.go:88.29,90.3 1 1
sawt-go/web/auth.go:92.2,92.22 1 19
sawt-go/web/auth.go:96.67,97.71 1 528
sawt-go/web/auth.go:97.71,99.17 2 18
sawt-go/web/auth.go:99.17,102.4 2 1
sawt-go/web/auth.go:104.3,105.17 2 17
sawt-go/web/auth.go:105.17,116.4 3 0
sawt-go/web/auth.go:119.3,120.40 2 17
sawt-go/web/auth.go:125.99,127.16 2 1
sawt-go/web/auth.go:127.16,132.3 2 0
sawt-go/web/auth.go:134.2,134.99 1 1
sawt-go/web/auth.go:134.99,136.3 1 0
sawt-go/web/auth.go:139.2,148.8 2 1
sawt-go/web/csrf.go:20.81,21.84 1 17
sawt-go/web/csrf.go:21.84,23.3 1 1
sawt-go/web/csrf.go:25.2,26.42 2 16
sawt-go/web/csrf.go:26.42,29.61 1 0
sawt-go/web/csrf.go:31.2,41.14 3 16
sawt-go/web/csrf.go:46.62,47.71 1 336
sawt-go/web/csrf.go:47.71,49.54 2 10
sawt-go/web/csrf.go:49.54,52.4 2 4
sawt-go/web/csrf.go:54.3,55.70 2 6
sawt-go/web/csrf.go:55.70,58.4 2 0
sawt-go/web/csrf.go:60.3,60.23 1 6
sawt-go/web/server.go:77.57,79.2 1 0
sawt-go/web/server.go:83.36,85.2 1 0
sawt-go/web/server.go:88.51,90.2 1 0
sawt-go/web/server.go:103.137,108.16 3 18
sawt-go/web/server.go:108.16,110.3 1 0
sawt-go/web/server.go:112.2,132.3 5 18
sawt-go/web/server.go:138.36,141.56 3 18
sawt-go/web/server.go:141.56,143.3 1 0
sawt-go/web/server.go:143.8,145.3 1 18
sawt-go/web/server.go:146.2,148.29 3 18
sawt-go/web/server.go:156.48,159.2 2 68
sawt-go/web/server.go:164.66,168.2 3 0
sawt-go/web/server.go:172.72,174.2 1 0
sawt-go/web/server.go:178.71,183.17 4 0
sawt-go/web/server.go:183.17,184.40 1 0
sawt-go/web/server.go:184.40,186.4 1 0
sawt-go/web/server.go:188.2,191.11 3 0
sawt-go/web/server.go:191.11,193.3 1 0
sawt-go/web/server.go:194.2,198.4 1 0
sawt-go/web/server.go:203.72,213.2 3 0
sawt-go/web/server.go:216.87,218.16 2 13
sawt-go/web/server.go:218.16,221.3 2 0
sawt-go/web/server.go:228.81,234.17 3 1
sawt-go/web/server.go:234.17,236.3 1 0
sawt-go/web/server.go:239.41,250.58 9 24
sawt-go/web/server.go:250.58,252.3 1 0
sawt-go/web/server.go:253.2,253.66 1 24
sawt-go/web/server.go:253.66,255.3 1 1
sawt-go/web/server.go:258.2,274.29 8 24
sawt-go/web/server.go:274.29,277.59 2 24
sawt-go/web/server.go:277.59,279.4 1 0
sawt-go/web/server.go:280.3,302.38 21 24
sawt-go/web/server.go:305.2,305.10 1 24
sawt-go/web/server.go:308.73,313.2 1 2
sawt-go/web/server.go:317.39,319.16 2 0
sawt-go/web/server.go:319.16,321.3 1 0
sawt-go/web/server.go:322.2,322.13 1 0
sawt-go/web/server.go:333.52,334.71 1 24
sawt-go/web/server.go:334.71,336.17 2 24
sawt-go/web/server.go:336.17,338.4 1 0
sawt-go/web/server.go:339.3,339.84 1 24
sawt-go/web/server.go:345.37,346.67 1 1
sawt-go/web/server.go:346.67,348.3 1 1
sawt-go/web/server.go:349.2,349.20 1 0
sawt-go/web/server.go:352.74,353.61 1 1
sawt-go/web/server.go:353.61,356.3 2 0
sawt-go/web/server.go:358.2,362.16 4 1
sawt-go/web/server.go:362.16,368.3 2 0
sawt-go/web/server.go:370.2,371.56 2 1
sawt-go/web/server.go:374.71,383.2 2 1
sawt-go/web/server.go:393.45,401.11 7 4
sawt-go/web/server.go:401.11,403.3 1 1
sawt-go/web/server.go:404.2,404.11 1 3
sawt-go/web/server.go:404.11,406.3 1 1
sawt-go/web/server.go:407.2,407.30 1 2
sawt-go/web/server.go:413.103,416.63 2 5
sawt-go/web/server.go:416.63,418.3 1 0
sawt-go/web/server.go:419.2,419.51 1 5
sawt-go/web/server.go:419.51,422.3 2 0
sawt-go/web/server.go:423.2,423.8 1 5
sawt-go/web/server.go:430.46,431.20 1 5
sawt-go/web/server.go:431.20,433.3 1 5
sawt-go/web/server.go:434.2,435.16 2 0
sawt-go/web/server.go:435.16,438.3 2 0
sawt-go/web/server.go:439.2,439.97 1 0
sawt-go/web/server.go:442.77,445.16 2 1
sawt-go/web/server.go:445.16,447.3 1 0
sawt-go/web/server.go:449.2,457.4 2 1
sawt-go/web/server.go:465.111,479.30 4 5
sawt-go/web/server.go:479.30,481.3 1 40
sawt-go/web/server.go:482.2,482.44 1 5
sawt-go/web/server.go:502.77,504.16 2 11
sawt-go/web/server.go:504.16,506.3 1 0
sawt-go/web/server.go:507.2,507.15 1 11
sawt-go/web/server.go:514.98,516.16 2 5
sawt-go/web/server.go:516.16,518.3 1 0
sawt-go/web/server.go:519.2,523.29 4 5
sawt-go/web/server.go:523.29,524.126 1 0
sawt-go/web/server.go:524.126,525.12 1 0
sawt-go/web/server.go:527.3,532.5 1 0
sawt-go/web/server.go:534.2,534.13 1 5
sawt-go/web/server.go:542.38,543.15 1 0
sawt-go/web/server.go:543.15,545.3 1 0
sawt-go/web/server.go:546.2,546.12 1 0
sawt-go/web/server.go:553.48,554.19 1 1
sawt-go/web/server.go:554.19,556.3 1 1
sawt-go/web/server.go:557.2,557.17 1 0
sawt-go/web/server.go:558.37,559.28 1 0
sawt-go/web/server.go:560.29,561.24 1 0
sawt-go/web/server.go:562.10,563.17 1 0
sawt-go/web/server.go:567.80,575.16 3 5
sawt-go/web/server.go:575.16,577.3 1 0
sawt-go/web/server.go:579.2,581.47 3 5
sawt-go/web/server.go:581.47,583.3 1 1
sawt-go/web/server.go:585.2,594.4 1 5
sawt-go/web/server.go:597.86,604.2 2 0
sawt-go/web/server.go:606.84,610.16 3 1
sawt-go/web/server.go:610.16,613.3 2 0
sawt-go/web/server.go:618.2,625.16 2 1
sawt-go/web/server.go:625.16,628.3 2 0
sawt-go/web/server.go:630.2,631.21 2 1
sawt-go/web/server.go:631.21,643.3 1 0
sawt-go/web/server.go:643.8,654.3 1 1
sawt-go/web/server.go:662.89,668.16 5 1
sawt-go/web/server.go:668.16,671.3 2 0
sawt-go/web/server.go:673.2,674.19 2 1
sawt-go/web/server.go:674.19,676.17 2 1
sawt-go/web/server.go:676.17,679.4 2 0
sawt-go/web/server.go:680.3,680.34 1 1
sawt-go/web/server.go:680.34,683.4 2 1
sawt-go/web/server.go:684.3,684.24 1 0
sawt-go/web/server.go:687.2,688.26 2 0
sawt-go/web/server.go:688.26,690.3 1 0
sawt-go/web/server.go:692.2,699.16 2 0
sawt-go/web/server.go:699.16,702.3 2 0
sawt-go/web/server.go:704.2,705.21 2 0
sawt-go/web/server.go:705.21,715.3 1 0
sawt-go/web/server.go:715.8,726.3 1 0
sawt-go/web/server.go:732.116,733.36 1 0
sawt-go/web/server.go:733.36,744.3 2 0
sawt-go/web/server.go:745.2,754.4 1 0
sawt-go/web/server.go:762.92,767.20 4 0
sawt-go/web/server.go:767.20,769.3 1 0
sawt-go/web/server.go:771.2,775.16 2 0
sawt-go/web/server.go:775.16,778.3 2 0
sawt-go/web/server.go:780.2,780.24 1 0
sawt-go/web/server.go:780.24,781.136 1 0
sawt-go/web/server.go:781.136,783.4 1 0
sawt-go/web/server.go:783.9,783.87 1 0
sawt-go/web/server.go:783.87,785.4 1 0
sawt-go/web/server.go:788.2,788.48 1 0
sawt-go/web/server.go:794.93,798.16 3 0
sawt-go/web/server.go:798.16,801.3 2 0
sawt-go/web/server.go:803.2,803.24 1 0
sawt-go/web/server.go:803.24,806.3 2 0
sawt-go/web/server.go:808.2,808.135 1 0
sawt-go/web/server.go:808.135,812.3 3 0
sawt-go/web/server.go:814.2,815.16 2 0
sawt-go/web/server.go:815.16,818.3 2 0
sawt-go/web/server.go:820.2,820.50 1 0
sawt-go/web/server.go:823.82,825.2 1 0
sawt-go/web/server.go:827.85,829.17 2 0
sawt-go/web/server.go:829.17,832.3 2 0
sawt-go/web/server.go:835.2,836.29 2 0
sawt-go/web/server.go:836.29,837.33 1 0
sawt-go/web/server.go:837.33,839.4 1 0
sawt-go/web/server.go:841.2,844.39 2 0
sawt-go/web/server.go:844.39,847.3 2 0
sawt-go/web/server.go:849.2,850.16 2 0
sawt-go/web/server.go:850.16,854.3 3 0
sawt-go/web/server.go:856.2,860.4 1 0
sawt-go/web/server.go:865.83,866.52 1 1
sawt-go/web/server.go:866.52,869.3 2 1
sawt-go/web/server.go:870.2,870.33 1 0
sawt-go/web/server.go:876.83,878.16 2 0
sawt-go/web/server.go:878.16,881.3 2 0
sawt-go/web/server.go:882.2,882.53 1 0
sawt-go/web/server.go:882.53,885.3 2 0
sawt-go/web/server.go:889.2,891.33 2 0
sawt-go/web/server.go:898.83,900.16 2 0
sawt-go/web/server.go:900.16,902.3 1 0
sawt-go/web/server.go:904.2,908.4 1 0
sawt-go/web/server.go:911.86,915.51 3 1
sawt-go/web/server.go:915.51,917.3 1 1
sawt-go/web/server.go:919.2,924.16 2 1
sawt-go/web/server.go:924.16,926.3 1 0
sawt-go/web/server.go:929.2,929.57 1 1
sawt-go/web/server.go:929.57,931.3 1 0
sawt-go/web/server.go:934.2,934.19 1 1
sawt-go/web/server.go:934.19,943.3 2 1
sawt-go/web/server.go:945.2,946.16 2 0
sawt-go/web/server.go:946.16,950.3 1 0
sawt-go/web/server.go:958.2,959.42 2 0
sawt-go/web/server.go:959.42,960.36 1 0
sawt-go/web/server.go:960.36,962.9 2 0
sawt-go/web/server.go:966.2,968.24 3 0
sawt-go/web/server.go:968.24,970.29 2 0
sawt-go/web/server.go:970.29,974.21 4 0
sawt-go/web/server.go:974.21,978.5 3 0
sawt-go/web/server.go:982.2,994.4 1 0
sawt-go/web/server.go:1001.79,1004.16 3 0
sawt-go/web/server.go:1004.16,1007.3 2 0
sawt-go/web/server.go:1009.2,1010.75 2 0
sawt-go/web/server.go:1010.75,1013.3 2 0
sawt-go/web/server.go:1015.2,1041.4 5 0
sawt-go/web/server.go:1048.80,1051.16 3 0
sawt-go/web/server.go:1051.16,1054.3 2 0
sawt-go/web/server.go:1056.2,1058.16 3 0
sawt-go/web/server.go:1058.16,1061.3 2 0
sawt-go/web/server.go:1061.8,1063.17 2 0
sawt-go/web/server.go:1063.17,1066.4 2 0
sawt-go/web/server.go:1066.9,1066.89 1 0
sawt-go/web/server.go:1066.89,1069.4 2 0
sawt-go/web/server.go:1069.9,1072.62 1 0
sawt-go/web/server.go:1072.62,1072.117 3 0
sawt-go/web/server.go:1082.2,1108.4 5 0
sawt-go/web/server.go:1111.76,1116.2 1 1
sawt-go/web/server.go:1118.81,1120.2 1 2
sawt-go/web/server.go:1152.53,1154.2 1 6
sawt-go/web/server.go:1156.46,1157.23 1 6
sawt-go/web/server.go:1157.23,1158.16 1 6
sawt-go/web/server.go:1158.16,1160.4 1 1
sawt-go/web/server.go:1162.2,1162.14 1 5
sawt-go/web/server.go:1165.93,1167.16 2 2
sawt-go/web/server.go:1167.16,1169.3 1 0
sawt-go/web/server.go:1171.2,1172.27 2 2
sawt-go/web/server.go:1172.27,1178.17 3 0
sawt-go/web/server.go:1178.17,1180.4 1 0
sawt-go/web/server.go:1181.3,1182.17 2 0
sawt-go/web/server.go:1182.17,1184.4 1 0
sawt-go/web/server.go:1185.3,1186.17 2 0
sawt-go/web/server.go:1186.17,1188.4 1 0
sawt-go/web/server.go:1189.3,1190.17 2 0
sawt-go/web/server.go:1190.17,1192.4 1 0
sawt-go/web/server.go:1193.3,1206.5 3 0
sawt-go/web/server.go:1209.2,1219.4 1 2
sawt-go/web/server.go:1224.56,1225.19 1 0
sawt-go/web/server.go:1225.19,1227.3 1 0
sawt-go/web/server.go:1228.2,1228.20 1 0
sawt-go/web/server.go:1235.83,1237.16 2 0
sawt-go/web/server.go:1237.16,1240.3 2 0
sawt-go/web/server.go:1242.2,1243.46 2 0
sawt-go/web/server.go:1243.46,1246.3 2 0
sawt-go/web/server.go:1247.2,1272.16 3 0
sawt-go/web/server.go:1272.16,1276.3 3 0
sawt-go/web/server.go:1278.2,1278.66 1 0
sawt-go/web/server.go:1284.77,1285.36 1 4
sawt-go/web/server.go:1285.36,1287.3 1 1
sawt-go/web/server.go:1288.2,1288.43 1 3
sawt-go/web/server.go:1288.43,1290.3 1 2
sawt-go/web/server.go:1291.2,1291.11 1 1
sawt-go/web/server.go:1295.56,1297.2 1 0
sawt-go/web/server.go:1300.50,1302.2 1 0
sawt-go/web/server.go:1304.83,1305.38 1 0
sawt-go/web/server.go:1305.38,1308.3 2 0
sawt-go/web/server.go:1309.2,1314.16 3 0
sawt-go/web/server.go:1314.16,1317.3 2 0
sawt-go/web/server.go:1319.2,1320.18 2 0
sawt-go/web/server.go:1320.18,1323.3 2 0
sawt-go/web/server.go:1325.2,1325.74 1 0
sawt-go/web/server.go:1325.74,1329.3 3 0
sawt-go/web/server.go:1331.2,1331.153 1 0
sawt-go/web/server.go:1339.120,1344.16 3 0
sawt-go/web/server.go:1344.16,1346.3 1 0
sawt-go/web/server.go:1349.2,1350.16 2 0
sawt-go/web/server.go:1351.10,1352.24 1 0
sawt-go/web/server.go:1353.28,1353.28 0 0
sawt-go/web/server.go:1354.10,1355.71 1 0
sawt-go/web/server.go:1357.2,1357.71 1 0
sawt-go/web/server.go:1357.71,1359.3 1 0
sawt-go/web/server.go:1362.2,1368.39 2 0
sawt-go/web/server.go:1368.39,1370.3 1 0
sawt-go/web/server.go:1371.2,1382.39 3 0
sawt-go/web/server.go:1382.39,1384.3 1 0
sawt-go/web/server.go:1389.2,1391.16 3 0
sawt-go/web/server.go:1391.16,1393.3 1 0
sawt-go/web/server.go:1394.2,1395.16 2 0
sawt-go/web/server.go:1395.16,1397.3 1 0
sawt-go/web/server.go:1398.2,1403.39 2 0
sawt-go/web/server.go:1403.39,1405.3 1 0
sawt-go/web/server.go:1410.2,1411.122 2 0
sawt-go/web/server.go:1411.122,1413.3 1 0
sawt-go/web/server.go:1414.2,1415.118 2 0
sawt-go/web/server.go:1415.118,1417.3 1 0
sawt-go/web/server.go:1418.2,1424.38 3 0
sawt-go/web/server.go:1424.38,1426.3 1 0
sawt-go/web/server.go:1428.2,1448.7 1 0
sawt-go/web/server.go:1453.36,1454.32 1 0
sawt-go/web/server.go:1454.32,1456.3 1 0
sawt-go/web/server.go:1457.2,1457.10 1 0
sawt-go/web/server.go:1460.41,1461.62 1 0
sawt-go/web/server.go:1461.62,1463.3 1 0
sawt-go/web/server.go:1464.2,1464.12 1 0
sawt-go/web/server.go:1467.49,1468.72 1 0
sawt-go/web/server.go:1468.72,1470.3 1 0
sawt-go/web/server.go:1471.2,1471.12 1 0
sawt-go/web/server.go:1474.72,1480.9 5 0
sawt-go/web/server.go:1480.9,1483.3 2 0
sawt-go/web/server.go:1485.2,1491.6 5 0
sawt-go/web/server.go:1491.6,1492.10 1 0
sawt-go/web/server.go:1493.26,1495.19 2 0
sawt-go/web/server.go:1496.29,1497.10 1 0
sawt-go/web/server.go:1508.54,1519.71 2 24
sawt-go/web/server.go:1519.71,1526.3 6 24
sawt-go/web/server.go:1531.51,1532.71 1 24
sawt-go/web/server.go:1532.71,1533.16 1 24
sawt-go/web/server.go:1533.16,1534.67 1 24
sawt-go/web/server.go:1534.67,1536.15 2 0
sawt-go/web/server.go:1539.3,1539.23 1 24
sawt-go/web/server.go:1552.32,1559.2 1 18
sawt-go/web/server.go:1561.29,1562.6 1 18
sawt-go/web/server.go:1562.6,1563.10 1 86
sawt-go/web/server.go:1564.28,1567.17 3 0
sawt-go/web/server.go:1568.30,1572.17 4 0
sawt-go/web/server.go:1573.27,1575.34 2 68
sawt-go/web/server.go:1575.34,1576.12 1 0
sawt-go/web/server.go:1577.20,1577.20 0 0
sawt-go/web/server.go:1578.13,1578.13 0 0
sawt-go/web/server.go:1582.4,1582.18 1 68
sawt-go/web/server.go:1587.47,1589.2 1 0
sawt-go/web/server.go:1591.49,1593.2 1 0
sawt-go/web/server.go:1596.56,1598.9 2 68
sawt-go/web/server.go:1599.25,1599.25 0 68
sawt-go/web/server.go:1600.10,1600.10 0 0
sawt-go/web/server.go:1603.2,1603.20 1 68
sawt-go/web/server.go:1606.85,1607.38 1 1
sawt-go/web/server.go:1607.38,1610.3 2 0
sawt-go/web/server.go:1612.2,1618.16 5 1
sawt-go/web/server.go:1618.16,1621.3 2 0
sawt-go/web/server.go:1624.2,1624.19 1 1
sawt-go/web/server.go:1624.19,1626.17 2 1
sawt-go/web/server.go:1626.17,1629.4 2 0
sawt-go/web/server.go:1630.3,1630.34 1 1
sawt-go/web/server.go:1630.34,1633.4 2 0
sawt-go/web/server.go:1637.2,1643.16 3 1
sawt-go/web/server.go:1643.16,1646.3 2 0
sawt-go/web/server.go:1648.2,1655.16 2 1
sawt-go/web/server.go:1655.16,1659.3 3 0
sawt-go/web/server.go:1661.2,1661.158 1 1
